-------------------------------------------------------------------------------
Test set: com.braintrust.education.unit.application.service.AssignmentApplicationServiceTest
-------------------------------------------------------------------------------
Tests run: 8, Failures: 0, Errors: 1, Skipped: 0, Time elapsed: 0.710 s <<< FAILURE! -- in com.braintrust.education.unit.application.service.AssignmentApplicationServiceTest
com.braintrust.education.unit.application.service.AssignmentApplicationServiceTest.shouldGetAssignmentsByCourse -- Time elapsed: 0.040 s <<< ERROR!
java.lang.NullPointerException: Cannot invoke "com.braintrust.education.domain.model.AssignmentTargetType.name()" because the return value of "com.braintrust.education.domain.model.Assignment.getTargetType()" is null
	at com.braintrust.education.application.service.AssignmentApplicationService.mapToAssignmentDTO(AssignmentApplicationService.java:581)
	at java.base/java.util.stream.ReferencePipeline$3$1.accept(ReferencePipeline.java:214)
	at java.base/java.util.Collections$2.tryAdvance(Collections.java:5182)
	at java.base/java.util.Collections$2.forEachRemaining(Collections.java:5190)
	at java.base/java.util.stream.AbstractPipeline.copyInto(AbstractPipeline.java:570)
	at java.base/java.util.stream.AbstractPipeline.wrapAndCopyInto(AbstractPipeline.java:560)
	at java.base/java.util.stream.ReduceOps$ReduceOp.evaluateSequential(ReduceOps.java:921)
	at java.base/java.util.stream.AbstractPipeline.evaluate(AbstractPipeline.java:265)
	at java.base/java.util.stream.ReferencePipeline.collect(ReferencePipeline.java:723)
	at com.braintrust.education.application.service.AssignmentApplicationService.getAssignmentsByCourse(AssignmentApplicationService.java:384)
	at com.braintrust.education.unit.application.service.AssignmentApplicationServiceTest.shouldGetAssignmentsByCourse(AssignmentApplicationServiceTest.java:174)
	at java.base/java.lang.reflect.Method.invoke(Method.java:565)
	at java.base/java.util.ArrayList.forEach(ArrayList.java:1604)
	at java.base/java.util.ArrayList.forEach(ArrayList.java:1604)

