-------------------------------------------------------------------------------
Test set: com.braintrust.education.unit.domain.model.SubmissionTest
-------------------------------------------------------------------------------
Tests run: 16, Failures: 2, Errors: 0, Skipped: 0, Time elapsed: 0.079 s <<< FAILURE! -- in com.braintrust.education.unit.domain.model.SubmissionTest
com.braintrust.education.unit.domain.model.SubmissionTest.shouldThrowExceptionWhenGradingNonSubmittedAssignment -- Time elapsed: 0.010 s <<< FAILURE!
java.lang.AssertionError: 

Expecting code to raise a throwable.
	at com.braintrust.education.unit.domain.model.SubmissionTest.shouldThrowExceptionWhenGradingNonSubmittedAssignment(SubmissionTest.java:134)
	at java.base/java.lang.reflect.Method.invoke(Method.java:565)
	at java.base/java.util.ArrayList.forEach(ArrayList.java:1604)
	at java.base/java.util.ArrayList.forEach(ArrayList.java:1604)

com.braintrust.education.unit.domain.model.SubmissionTest.shouldThrowExceptionWhenGradingAlreadyGradedSubmission -- Time elapsed: 0.003 s <<< FAILURE!
java.lang.AssertionError: 

Expecting code to raise a throwable.
	at com.braintrust.education.unit.domain.model.SubmissionTest.shouldThrowExceptionWhenGradingAlreadyGradedSubmission(SubmissionTest.java:149)
	at java.base/java.lang.reflect.Method.invoke(Method.java:565)
	at java.base/java.util.ArrayList.forEach(ArrayList.java:1604)
	at java.base/java.util.ArrayList.forEach(ArrayList.java:1604)

