<?xml version="1.0" encoding="UTF-8"?>
<testsuite xmlns:xsi="http://www.w3.org/2001/XMLSchema-instance" xsi:noNamespaceSchemaLocation="https://maven.apache.org/surefire/maven-surefire-plugin/xsd/surefire-test-report.xsd" version="3.0.2" name="com.braintrust.identity.integration.repository.PersonRepositoryIntegrationTest" time="5.275" tests="21" errors="0" skipped="0" failures="0">
  <properties>
[...]
</properties>
  <testcase name="shouldMaintainRegistrationDateAcrossUpdates" classname="Person Repository Integration Tests" time="0.043">
    <system-out><![CDATA[2025-11-22 22:59:44 [main] INFO  tc.postgres:15-alpine - Creating container for image: postgres:15-alpine
2025-11-22 22:59:44 [main] WARN  tc.postgres:15-alpine - Reuse was requested but the environment does not support the reuse of containers
To enable reuse of containers, you must set 'testcontainers.reuse.enable=true' in a file located at C:\Users\GAMER\.testcontainers.properties
2025-11-22 22:59:44 [main] INFO  tc.postgres:15-alpine - Container postgres:15-alpine is starting: e4b00d230c69196f4ea7bc6bfffeb68a1edd8b45e9aa5513e389dfc33d1bdaf1
2025-11-22 22:59:46 [main] INFO  tc.postgres:15-alpine - Container postgres:15-alpine started in PT2.0679492S
2025-11-22 22:59:46 [main] INFO  tc.postgres:15-alpine - Container is started (JDBC URL: jdbc:postgresql://localhost:58914/identity_test?loggerLevel=OFF)

  .   ____          _            __ _ _
 /\\ / ___'_ __ _ _(_)_ __  __ _ \ \ \ \
( ( )\___ | '_ | '_| | '_ \/ _` | \ \ \ \
 \\/  ___)| |_)| | | | | || (_| |  ) ) ) )
  '  |____| .__|_| |_|_| |_\__, | / / / /
 =========|_|==============|___/=/_/_/_/

 :: Spring Boot ::                (v3.5.6)

2025-11-22 22:59:46 [main] INFO  c.b.i.i.r.PersonRepositoryIntegrationTest - Starting PersonRepositoryIntegrationTest using Java 25.0.1 with PID 12872 (started by GAMER in C:\Users\GAMER\Music\BrainTrust\backend\container-app)
2025-11-22 22:59:46 [main] INFO  c.b.i.i.r.PersonRepositoryIntegrationTest - The following 1 profile is active: "test"
2025-11-22 22:59:46 [main] INFO  o.s.d.r.c.RepositoryConfigurationDelegate - Bootstrapping Spring Data JPA repositories in DEFAULT mode.
2025-11-22 22:59:46 [main] INFO  o.s.d.r.c.RepositoryConfigurationDelegate - Finished Spring Data repository scanning in 46 ms. Found 14 JPA repository interfaces.
2025-11-22 22:59:46 [main] INFO  o.h.jpa.internal.util.LogHelper - HHH000204: Processing PersistenceUnitInfo [name: default]
2025-11-22 22:59:46 [main] INFO  o.h.c.i.RegionFactoryInitiator - HHH000026: Second-level cache disabled
2025-11-22 22:59:46 [main] INFO  o.s.o.j.p.SpringPersistenceUnitInfo - No LoadTimeWeaver setup: ignoring JPA class transformer
2025-11-22 22:59:46 [main] INFO  com.zaxxer.hikari.HikariDataSource - HikariPool-5 - Starting...
2025-11-22 22:59:46 [main] INFO  com.zaxxer.hikari.pool.HikariPool - HikariPool-5 - Added connection org.postgresql.jdbc.PgConnection@63efe85f
2025-11-22 22:59:46 [main] INFO  com.zaxxer.hikari.HikariDataSource - HikariPool-5 - Start completed.
2025-11-22 22:59:46 [main] WARN  org.hibernate.orm.deprecation - HHH90000025: PostgreSQLDialect does not need to be specified explicitly using 'hibernate.dialect' (remove the property setting and it will be selected by default)
2025-11-22 22:59:46 [main] INFO  o.hibernate.orm.connections.pooling - HHH10001005: Database info:
	Database JDBC URL [Connecting through datasource 'HikariDataSource (HikariPool-5)']
	Database driver: undefined/unknown
	Database version: 15.13
	Autocommit mode: undefined/unknown
	Isolation level: undefined/unknown
	Minimum pool size: undefined/unknown
	Maximum pool size: undefined/unknown
2025-11-22 22:59:47 [main] INFO  o.h.e.t.j.p.i.JtaPlatformInitiator - HHH000489: No JTA platform available (set 'hibernate.transaction.jta.platform' to enable JTA platform integration)
Hibernate: 
    set client_min_messages = WARNING
Hibernate: 
    alter table if exists course_units 
       drop constraint if exists FKm3b85d0rboonwt1afr2lerfrd
Hibernate: 
    alter table if exists documents 
       drop constraint if exists FKa28w6yrj86v1s03t4iicdyek1
Hibernate: 
    alter table if exists documents 
       drop constraint if exists FK9sj9iueawf5wuhorj8hks7pyj
Hibernate: 
    alter table if exists documents 
       drop constraint if exists FKg6tfi9n0q2q4m2b1xnq6m2dv
Hibernate: 
    alter table if exists enrollments 
       drop constraint if exists FKho8mcicp4196ebpltdn9wl6co
Hibernate: 
    alter table if exists group_members 
       drop constraint if exists FK5oi8h89alq1pwu1y764xev5li
Hibernate: 
    alter table if exists page_external_links 
       drop constraint if exists FKi2p4x5dwr7egletewk64an2gc
Hibernate: 
    alter table if exists quiz_questions 
       drop constraint if exists FKanfmgf6ksbdnv7ojb0pfve54q
Hibernate: 
    drop table if exists analysis_requests cascade
Hibernate: 
    drop table if exists assignments cascade
Hibernate: 
    drop table if exists course_units cascade
Hibernate: 
    drop table if exists courses cascade
Hibernate: 
    drop table if exists documents cascade
Hibernate: 
    drop table if exists enrollments cascade
Hibernate: 
    drop table if exists gradebooks cascade
Hibernate: 
    drop table if exists group_members cascade
Hibernate: 
    drop table if exists page_external_links cascade
Hibernate: 
    drop table if exists pages cascade
Hibernate: 
    drop table if exists persons cascade
Hibernate: 
    drop table if exists quiz_questions cascade
Hibernate: 
    drop table if exists quiz_submissions cascade
Hibernate: 
    drop table if exists quizzes cascade
Hibernate: 
    drop table if exists student_groups cascade
Hibernate: 
    drop table if exists submissions cascade
Hibernate: 
    drop table if exists unit_grades cascade
Hibernate: 
    drop table if exists users cascade
Hibernate: 
    create table analysis_requests (
        probability numeric(10,4),
        analyzed_at timestamp(6),
        created_at timestamp(6) not null,
        confidence_level varchar(20),
        status varchar(20) not null,
        id varchar(50) not null,
        model_used varchar(50),
        submission_id varchar(50) not null,
        content TEXT not null,
        detected_segments_json jsonb,
        error_message TEXT,
        primary key (id)
    )
Hibernate: 
    create table assignments (
        active boolean not null,
        max_points integer not null,
        created_at timestamp(6) not null,
        due_date timestamp(6),
        target_type varchar(20) not null,
        course_id varchar(50) not null,
        id varchar(50) not null,
        unit_id varchar(50),
        description TEXT,
        instructions TEXT,
        title varchar(255) not null,
        primary key (id)
    )
Hibernate: 
    create table course_units (
        num_unity integer not null,
        course_id varchar(50) not null,
        id varchar(50) not null,
        url_image varchar(500),
        description TEXT,
        name varchar(255) not null,
        primary key (id)
    )
Hibernate: 
    create table courses (
        active boolean not null,
        created_at timestamp(6) not null,
        code varchar(50) not null unique,
        grade varchar(50),
        group_name varchar(50),
        id varchar(50) not null,
        teacher_id varchar(50) not null,
        url_image varchar(500),
        description TEXT,
        name varchar(255) not null,
        primary key (id)
    )
Hibernate: 
    create table documents (
        assignment_id varchar(50),
        id varchar(50) not null,
        page_id varchar(50),
        submission_id varchar(50),
        name varchar(255) not null,
        storage_path varchar(255) not null,
        primary key (id)
    )
Hibernate: 
    create table enrollments (
        enrollment_date date not null,
        final_grade_max_score numeric(10,2),
        final_grade_value numeric(10,2),
        status varchar(20) not null,
        course_id varchar(50) not null,
        id varchar(50) not null,
        student_id varchar(50) not null,
        primary key (id),
        constraint idx_enrollment_course_student unique (course_id, student_id)
    )
Hibernate: 
    create table gradebooks (
        calculated_total_value numeric(10,2),
        final_grade_value numeric(10,2),
        last_calculated timestamp(6) not null,
        course_id varchar(50) not null,
        id varchar(50) not null,
        student_id varchar(50) not null,
        final_feedback TEXT,
        primary key (id),
        constraint idx_gradebook_course_student unique (course_id, student_id)
    )
Hibernate: 
    create table group_members (
        group_id varchar(50) not null,
        student_id varchar(50)
    )
Hibernate: 
    create table page_external_links (
        page_id varchar(50) not null,
        url varchar(500)
    )
Hibernate: 
    create table pages (
        published boolean not null,
        created_at timestamp(6) not null,
        last_modified timestamp(6) not null,
        course_id varchar(50) not null,
        id varchar(50) not null,
        unit_id varchar(50) not null,
        content TEXT,
        title varchar(255) not null,
        primary key (id)
    )
Hibernate: 
    create table persons (
        registration_date date not null,
        address_postal_code varchar(10),
        gender varchar(20),
        phone varchar(20),
        id varchar(50) not null,
        address_colony varchar(100),
        address_municipality varchar(100),
        address_state varchar(100),
        image_path varchar(500),
        address_street varchar(255),
        first_name varchar(255) not null,
        last_name varchar(255) not null,
        primary key (id)
    )
Hibernate: 
    create table quiz_questions (
        points integer not null,
        id varchar(50) not null,
        question_type varchar(50) not null,
        quiz_id varchar(50),
        correct_answer TEXT,
        options_json TEXT,
        question_text TEXT not null,
        primary key (id)
    )
Hibernate: 
    create table quiz_submissions (
        attempt_number integer not null,
        auto_graded boolean not null,
        grade_max_score numeric(10,2),
        grade_value numeric(10,2),
        started_at timestamp(6) not null,
        submitted_at timestamp(6),
        id varchar(50) not null,
        quiz_id varchar(50) not null,
        status varchar(50) not null,
        student_id varchar(50) not null,
        answers_json TEXT,
        primary key (id)
    )
Hibernate: 
    create table quizzes (
        active boolean not null,
        max_attempts integer not null,
        show_correct_answers boolean not null,
        shuffle_questions boolean not null,
        time_limit_minutes integer,
        available_from timestamp(6),
        available_until timestamp(6),
        created_at timestamp(6) not null,
        course_id varchar(50) not null,
        id varchar(50) not null,
        unit_id varchar(50),
        description TEXT,
        title varchar(255) not null,
        primary key (id)
    )
Hibernate: 
    create table student_groups (
        active boolean not null,
        created_at timestamp(6) not null,
        course_id varchar(50) not null,
        id varchar(50) not null,
        description TEXT,
        name varchar(255) not null,
        primary key (id)
    )
Hibernate: 
    create table submissions (
        grade_max_score numeric(10,2),
        grade_value numeric(10,2),
        submitted_at timestamp(6) not null,
        status varchar(20) not null,
        assignment_id varchar(50) not null,
        id varchar(50) not null,
        student_id varchar(50) not null,
        team_id varchar(50),
        content TEXT not null,
        teacher_feedback TEXT,
        primary key (id)
    )
Hibernate: 
    create table unit_grades (
        calculated_total_value numeric(10,2),
        final_grade_value numeric(10,2),
        last_calculated timestamp(6) not null,
        id varchar(50) not null,
        student_id varchar(50) not null,
        unit_id varchar(50) not null,
        assignment_grades_json TEXT,
        final_feedback TEXT,
        quiz_grades_json TEXT,
        primary key (id)
    )
Hibernate: 
    create table users (
        active boolean not null,
        created_at timestamp(6) not null,
        role varchar(20) not null check (role in ('STUDENT','TEACHER','ADMIN','SYS_MANAGER')),
        id varchar(50) not null,
        person_id varchar(50) not null,
        student_id varchar(50),
        email varchar(254) not null unique,
        password_hash varchar(255) not null,
        primary key (id)
    )
Hibernate: 
    create index idx_analysis_submission 
       on analysis_requests (submission_id)
Hibernate: 
    create index idx_analysis_status 
       on analysis_requests (status)
Hibernate: 
    create index idx_analysis_probability 
       on analysis_requests (probability)
Hibernate: 
    create index idx_assignment_course 
       on assignments (course_id)
Hibernate: 
    create index idx_assignment_unit 
       on assignments (unit_id)
Hibernate: 
    create index idx_assignment_due_date 
       on assignments (due_date)
Hibernate: 
    create index idx_assignment_target_type 
       on assignments (target_type)
Hibernate: 
    create index idx_unit_course 
       on course_units (course_id)
Hibernate: 
    create index idx_unit_number 
       on course_units (num_unity)
Hibernate: 
    create index idx_course_teacher 
       on courses (teacher_id)
Hibernate: 
    create index idx_document_assignment 
       on documents (assignment_id)
Hibernate: 
    create index idx_document_submission 
       on documents (submission_id)
Hibernate: 
    create index idx_document_page 
       on documents (page_id)
Hibernate: 
    create index idx_enrollment_course 
       on enrollments (course_id)
Hibernate: 
    create index idx_enrollment_student 
       on enrollments (student_id)
Hibernate: 
    create index idx_enrollment_status 
       on enrollments (status)
Hibernate: 
    create index idx_gradebook_course 
       on gradebooks (course_id)
Hibernate: 
    create index idx_gradebook_student 
       on gradebooks (student_id)
Hibernate: 
    create index idx_page_course 
       on pages (course_id)
Hibernate: 
    create index idx_page_unit 
       on pages (unit_id)
Hibernate: 
    create index idx_page_published 
       on pages (published)
Hibernate: 
    create index idx_qsubm_quiz 
       on quiz_submissions (quiz_id)
Hibernate: 
    create index idx_qsubm_student 
       on quiz_submissions (student_id)
Hibernate: 
    create index idx_qsubm_status 
       on quiz_submissions (status)
Hibernate: 
    create index idx_quiz_course 
       on quizzes (course_id)
Hibernate: 
    create index idx_quiz_active 
       on quizzes (active)
Hibernate: 
    create index idx_group_course 
       on student_groups (course_id)
Hibernate: 
    create index idx_group_active 
       on student_groups (active)
Hibernate: 
    create index idx_submission_assignment 
       on submissions (assignment_id)
Hibernate: 
    create index idx_submission_student 
       on submissions (student_id)
Hibernate: 
    create index idx_submission_status 
       on submissions (status)
Hibernate: 
    create index idx_submission_team 
       on submissions (team_id)
Hibernate: 
    create index idx_ugrade_unit 
       on unit_grades (unit_id)
Hibernate: 
    create index idx_ugrade_student 
       on unit_grades (student_id)
Hibernate: 
    create index idx_ugrade_unit_student 
       on unit_grades (unit_id, student_id)
Hibernate: 
    create index idx_user_email 
       on users (email)
Hibernate: 
    create index idx_user_person_id 
       on users (person_id)
Hibernate: 
    alter table if exists course_units 
       add constraint FKm3b85d0rboonwt1afr2lerfrd 
       foreign key (course_id) 
       references courses
Hibernate: 
    alter table if exists documents 
       add constraint FKa28w6yrj86v1s03t4iicdyek1 
       foreign key (assignment_id) 
       references assignments
Hibernate: 
    alter table if exists documents 
       add constraint FK9sj9iueawf5wuhorj8hks7pyj 
       foreign key (page_id) 
       references pages
Hibernate: 
    alter table if exists documents 
       add constraint FKg6tfi9n0q2q4m2b1xnq6m2dv 
       foreign key (submission_id) 
       references submissions
Hibernate: 
    alter table if exists enrollments 
       add constraint FKho8mcicp4196ebpltdn9wl6co 
       foreign key (course_id) 
       references courses
Hibernate: 
    alter table if exists group_members 
       add constraint FK5oi8h89alq1pwu1y764xev5li 
       foreign key (group_id) 
       references student_groups
Hibernate: 
    alter table if exists page_external_links 
       add constraint FKi2p4x5dwr7egletewk64an2gc 
       foreign key (page_id) 
       references pages
Hibernate: 
    alter table if exists quiz_questions 
       add constraint FKanfmgf6ksbdnv7ojb0pfve54q 
       foreign key (quiz_id) 
       references quizzes
2025-11-22 22:59:47 [main] INFO  o.s.o.j.LocalContainerEntityManagerFactoryBean - Initialized JPA EntityManagerFactory for persistence unit 'default'
2025-11-22 22:59:47 [main] INFO  c.b.i.i.r.s.r.JpaPersonRepositoryAdapter - Initialized JpaPersonRepositoryAdapter.
2025-11-22 22:59:47 [main] INFO  c.b.i.i.r.PersonRepositoryIntegrationTest - Started PersonRepositoryIntegrationTest in 1.548 seconds (process running for 32.618)
Hibernate: 
    select
        pje1_0.id,
        pje1_0.address_colony,
        pje1_0.address_municipality,
        pje1_0.address_postal_code,
        pje1_0.address_state,
        pje1_0.address_street,
        pje1_0.first_name,
        pje1_0.gender,
        pje1_0.image_path,
        pje1_0.last_name,
        pje1_0.phone,
        pje1_0.registration_date 
    from
        persons pje1_0
2025-11-22 22:59:47 [main] INFO  c.b.i.i.r.s.r.JpaPersonRepositoryAdapter - Saving Person ID PERSON-bed61cd7-a02e-4dd8-8613-985fbabaa08b (Name: Juan Pérez).
Hibernate: 
    select
        pje1_0.id,
        pje1_0.address_colony,
        pje1_0.address_municipality,
        pje1_0.address_postal_code,
        pje1_0.address_state,
        pje1_0.address_street,
        pje1_0.first_name,
        pje1_0.gender,
        pje1_0.image_path,
        pje1_0.last_name,
        pje1_0.phone,
        pje1_0.registration_date 
    from
        persons pje1_0 
    where
        pje1_0.id=?
2025-11-22 22:59:47 [main] INFO  c.b.i.i.r.s.r.JpaPersonRepositoryAdapter - Saving Person ID PERSON-bed61cd7-a02e-4dd8-8613-985fbabaa08b (Name: New Name New Last).
2025-11-22 22:59:47 [main] INFO  c.b.i.i.r.s.r.JpaPersonRepositoryAdapter - Saving Person ID PERSON-bed61cd7-a02e-4dd8-8613-985fbabaa08b (Name: New Name New Last).
]]></system-out>
  </testcase>
  <testcase name="shouldReturnEmptyListWhenNoPersonsExist" classname="Person Repository Integration Tests" time="0.022">
    <system-out><![CDATA[Hibernate: 
    select
        pje1_0.id,
        pje1_0.address_colony,
        pje1_0.address_municipality,
        pje1_0.address_postal_code,
        pje1_0.address_state,
        pje1_0.address_street,
        pje1_0.first_name,
        pje1_0.gender,
        pje1_0.image_path,
        pje1_0.last_name,
        pje1_0.phone,
        pje1_0.registration_date 
    from
        persons pje1_0
Hibernate: 
    select
        pje1_0.id,
        pje1_0.address_colony,
        pje1_0.address_municipality,
        pje1_0.address_postal_code,
        pje1_0.address_state,
        pje1_0.address_street,
        pje1_0.first_name,
        pje1_0.gender,
        pje1_0.image_path,
        pje1_0.last_name,
        pje1_0.phone,
        pje1_0.registration_date 
    from
        persons pje1_0
]]></system-out>
  </testcase>
  <testcase name="shouldFindAllPersons" classname="Person Repository Integration Tests" time="0.049">
    <system-out><![CDATA[Hibernate: 
    select
        pje1_0.id,
        pje1_0.address_colony,
        pje1_0.address_municipality,
        pje1_0.address_postal_code,
        pje1_0.address_state,
        pje1_0.address_street,
        pje1_0.first_name,
        pje1_0.gender,
        pje1_0.image_path,
        pje1_0.last_name,
        pje1_0.phone,
        pje1_0.registration_date 
    from
        persons pje1_0
2025-11-22 22:59:47 [main] INFO  c.b.i.i.r.s.r.JpaPersonRepositoryAdapter - Saving Person ID PERSON-60259711-fc3a-4ecd-bcc1-d3ab44888843 (Name: Juan Pérez).
Hibernate: 
    select
        pje1_0.id,
        pje1_0.address_colony,
        pje1_0.address_municipality,
        pje1_0.address_postal_code,
        pje1_0.address_state,
        pje1_0.address_street,
        pje1_0.first_name,
        pje1_0.gender,
        pje1_0.image_path,
        pje1_0.last_name,
        pje1_0.phone,
        pje1_0.registration_date 
    from
        persons pje1_0 
    where
        pje1_0.id=?
2025-11-22 22:59:47 [main] INFO  c.b.i.i.r.s.r.JpaPersonRepositoryAdapter - Saving Person ID PERSON-be302f68-a0c9-4f98-a2de-51c1b47d8c5d (Name: María López).
Hibernate: 
    select
        pje1_0.id,
        pje1_0.address_colony,
        pje1_0.address_municipality,
        pje1_0.address_postal_code,
        pje1_0.address_state,
        pje1_0.address_street,
        pje1_0.first_name,
        pje1_0.gender,
        pje1_0.image_path,
        pje1_0.last_name,
        pje1_0.phone,
        pje1_0.registration_date 
    from
        persons pje1_0 
    where
        pje1_0.id=?
2025-11-22 22:59:47 [main] INFO  c.b.i.i.r.s.r.JpaPersonRepositoryAdapter - Saving Person ID PERSON-64278351-54eb-4774-94d1-b08507255439 (Name: Carlos González).
Hibernate: 
    select
        pje1_0.id,
        pje1_0.address_colony,
        pje1_0.address_municipality,
        pje1_0.address_postal_code,
        pje1_0.address_state,
        pje1_0.address_street,
        pje1_0.first_name,
        pje1_0.gender,
        pje1_0.image_path,
        pje1_0.last_name,
        pje1_0.phone,
        pje1_0.registration_date 
    from
        persons pje1_0 
    where
        pje1_0.id=?
Hibernate: 
    insert 
    into
        persons
        (address_colony, address_municipality, address_postal_code, address_state, address_street, first_name, gender, image_path, last_name, phone, registration_date, id) 
    values
        (?, ?, ?, ?, ?, ?, ?, ?, ?, ?, ?, ?)
Hibernate: 
    insert 
    into
        persons
        (address_colony, address_municipality, address_postal_code, address_state, address_street, first_name, gender, image_path, last_name, phone, registration_date, id) 
    values
        (?, ?, ?, ?, ?, ?, ?, ?, ?, ?, ?, ?)
Hibernate: 
    insert 
    into
        persons
        (address_colony, address_municipality, address_postal_code, address_state, address_street, first_name, gender, image_path, last_name, phone, registration_date, id) 
    values
        (?, ?, ?, ?, ?, ?, ?, ?, ?, ?, ?, ?)
Hibernate: 
    select
        pje1_0.id,
        pje1_0.address_colony,
        pje1_0.address_municipality,
        pje1_0.address_postal_code,
        pje1_0.address_state,
        pje1_0.address_street,
        pje1_0.first_name,
        pje1_0.gender,
        pje1_0.image_path,
        pje1_0.last_name,
        pje1_0.phone,
        pje1_0.registration_date 
    from
        persons pje1_0
]]></system-out>
  </testcase>
  <testcase name="shouldRollbackOnException" classname="Person Repository Integration Tests" time="0.061">
    <system-out><![CDATA[Hibernate: 
    select
        pje1_0.id,
        pje1_0.address_colony,
        pje1_0.address_municipality,
        pje1_0.address_postal_code,
        pje1_0.address_state,
        pje1_0.address_street,
        pje1_0.first_name,
        pje1_0.gender,
        pje1_0.image_path,
        pje1_0.last_name,
        pje1_0.phone,
        pje1_0.registration_date 
    from
        persons pje1_0
2025-11-22 22:59:48 [main] INFO  c.b.i.i.r.s.r.JpaPersonRepositoryAdapter - Saving Person ID PERSON-d826d9a2-4c7f-4e88-814b-b9918e43e064 (Name: Juan Pérez).
Hibernate: 
    select
        pje1_0.id,
        pje1_0.address_colony,
        pje1_0.address_municipality,
        pje1_0.address_postal_code,
        pje1_0.address_state,
        pje1_0.address_street,
        pje1_0.first_name,
        pje1_0.gender,
        pje1_0.image_path,
        pje1_0.last_name,
        pje1_0.phone,
        pje1_0.registration_date 
    from
        persons pje1_0 
    where
        pje1_0.id=?
Hibernate: 
    insert 
    into
        persons
        (address_colony, address_municipality, address_postal_code, address_state, address_street, first_name, gender, image_path, last_name, phone, registration_date, id) 
    values
        (?, ?, ?, ?, ?, ?, ?, ?, ?, ?, ?, ?)
Hibernate: 
    select
        count(*) 
    from
        persons pje1_0
Hibernate: 
    select
        count(*) 
    from
        persons pje1_0
]]></system-out>
  </testcase>
  <testcase name="shouldUpdateFullNameWhenNamesChange" classname="Person Repository Integration Tests" time="0.022">
    <system-out><![CDATA[Hibernate: 
    select
        pje1_0.id,
        pje1_0.address_colony,
        pje1_0.address_municipality,
        pje1_0.address_postal_code,
        pje1_0.address_state,
        pje1_0.address_street,
        pje1_0.first_name,
        pje1_0.gender,
        pje1_0.image_path,
        pje1_0.last_name,
        pje1_0.phone,
        pje1_0.registration_date 
    from
        persons pje1_0
2025-11-22 22:59:48 [main] INFO  c.b.i.i.r.s.r.JpaPersonRepositoryAdapter - Saving Person ID PERSON-1ddcf279-9c64-4951-9f5e-640fd093be60 (Name: Juan Pérez).
Hibernate: 
    select
        pje1_0.id,
        pje1_0.address_colony,
        pje1_0.address_municipality,
        pje1_0.address_postal_code,
        pje1_0.address_state,
        pje1_0.address_street,
        pje1_0.first_name,
        pje1_0.gender,
        pje1_0.image_path,
        pje1_0.last_name,
        pje1_0.phone,
        pje1_0.registration_date 
    from
        persons pje1_0 
    where
        pje1_0.id=?
2025-11-22 22:59:48 [main] INFO  c.b.i.i.r.s.r.JpaPersonRepositoryAdapter - Saving Person ID PERSON-1ddcf279-9c64-4951-9f5e-640fd093be60 (Name: Carlos González).
]]></system-out>
  </testcase>
  <testcase name="shouldSaveMultiplePersonsInBatch" classname="Person Repository Integration Tests" time="0.039">
    <system-out><![CDATA[Hibernate: 
    select
        pje1_0.id,
        pje1_0.address_colony,
        pje1_0.address_municipality,
        pje1_0.address_postal_code,
        pje1_0.address_state,
        pje1_0.address_street,
        pje1_0.first_name,
        pje1_0.gender,
        pje1_0.image_path,
        pje1_0.last_name,
        pje1_0.phone,
        pje1_0.registration_date 
    from
        persons pje1_0
2025-11-22 22:59:48 [main] INFO  c.b.i.i.r.s.r.JpaPersonRepositoryAdapter - Saving Person ID PERSON-97848db7-b1c9-4d24-90f7-42c76465450c (Name: Person1 Last1).
Hibernate: 
    select
        pje1_0.id,
        pje1_0.address_colony,
        pje1_0.address_municipality,
        pje1_0.address_postal_code,
        pje1_0.address_state,
        pje1_0.address_street,
        pje1_0.first_name,
        pje1_0.gender,
        pje1_0.image_path,
        pje1_0.last_name,
        pje1_0.phone,
        pje1_0.registration_date 
    from
        persons pje1_0 
    where
        pje1_0.id=?
2025-11-22 22:59:48 [main] INFO  c.b.i.i.r.s.r.JpaPersonRepositoryAdapter - Saving Person ID PERSON-ce08ea46-60f9-4a2c-bfbc-a532daf7a5ab (Name: Person2 Last2).
Hibernate: 
    select
        pje1_0.id,
        pje1_0.address_colony,
        pje1_0.address_municipality,
        pje1_0.address_postal_code,
        pje1_0.address_state,
        pje1_0.address_street,
        pje1_0.first_name,
        pje1_0.gender,
        pje1_0.image_path,
        pje1_0.last_name,
        pje1_0.phone,
        pje1_0.registration_date 
    from
        persons pje1_0 
    where
        pje1_0.id=?
2025-11-22 22:59:48 [main] INFO  c.b.i.i.r.s.r.JpaPersonRepositoryAdapter - Saving Person ID PERSON-cf1d3c98-45ac-480d-bbca-1e1ce933bcc0 (Name: Person3 Last3).
Hibernate: 
    select
        pje1_0.id,
        pje1_0.address_colony,
        pje1_0.address_municipality,
        pje1_0.address_postal_code,
        pje1_0.address_state,
        pje1_0.address_street,
        pje1_0.first_name,
        pje1_0.gender,
        pje1_0.image_path,
        pje1_0.last_name,
        pje1_0.phone,
        pje1_0.registration_date 
    from
        persons pje1_0 
    where
        pje1_0.id=?
Hibernate: 
    insert 
    into
        persons
        (address_colony, address_municipality, address_postal_code, address_state, address_street, first_name, gender, image_path, last_name, phone, registration_date, id) 
    values
        (?, ?, ?, ?, ?, ?, ?, ?, ?, ?, ?, ?)
Hibernate: 
    insert 
    into
        persons
        (address_colony, address_municipality, address_postal_code, address_state, address_street, first_name, gender, image_path, last_name, phone, registration_date, id) 
    values
        (?, ?, ?, ?, ?, ?, ?, ?, ?, ?, ?, ?)
Hibernate: 
    insert 
    into
        persons
        (address_colony, address_municipality, address_postal_code, address_state, address_street, first_name, gender, image_path, last_name, phone, registration_date, id) 
    values
        (?, ?, ?, ?, ?, ?, ?, ?, ?, ?, ?, ?)
Hibernate: 
    select
        pje1_0.id,
        pje1_0.address_colony,
        pje1_0.address_municipality,
        pje1_0.address_postal_code,
        pje1_0.address_state,
        pje1_0.address_street,
        pje1_0.first_name,
        pje1_0.gender,
        pje1_0.image_path,
        pje1_0.last_name,
        pje1_0.phone,
        pje1_0.registration_date 
    from
        persons pje1_0
]]></system-out>
  </testcase>
  <testcase name="shouldSavePersonWithAddress" classname="Person Repository Integration Tests" time="0.019">
    <system-out><![CDATA[Hibernate: 
    select
        pje1_0.id,
        pje1_0.address_colony,
        pje1_0.address_municipality,
        pje1_0.address_postal_code,
        pje1_0.address_state,
        pje1_0.address_street,
        pje1_0.first_name,
        pje1_0.gender,
        pje1_0.image_path,
        pje1_0.last_name,
        pje1_0.phone,
        pje1_0.registration_date 
    from
        persons pje1_0
2025-11-22 22:59:48 [main] INFO  c.b.i.i.r.s.r.JpaPersonRepositoryAdapter - Saving Person ID PERSON-5a01d7a1-84ac-4af7-a634-05657e81ea43 (Name: María López).
Hibernate: 
    select
        pje1_0.id,
        pje1_0.address_colony,
        pje1_0.address_municipality,
        pje1_0.address_postal_code,
        pje1_0.address_state,
        pje1_0.address_street,
        pje1_0.first_name,
        pje1_0.gender,
        pje1_0.image_path,
        pje1_0.last_name,
        pje1_0.phone,
        pje1_0.registration_date 
    from
        persons pje1_0 
    where
        pje1_0.id=?
]]></system-out>
  </testcase>
  <testcase name="shouldSavePersonWithImagePath" classname="Person Repository Integration Tests" time="0.02">
    <system-out><![CDATA[Hibernate: 
    select
        pje1_0.id,
        pje1_0.address_colony,
        pje1_0.address_municipality,
        pje1_0.address_postal_code,
        pje1_0.address_state,
        pje1_0.address_street,
        pje1_0.first_name,
        pje1_0.gender,
        pje1_0.image_path,
        pje1_0.last_name,
        pje1_0.phone,
        pje1_0.registration_date 
    from
        persons pje1_0
2025-11-22 22:59:48 [main] INFO  c.b.i.i.r.s.r.JpaPersonRepositoryAdapter - Saving Person ID PERSON-3e38269a-bedc-496c-a82c-2cf6d255279c (Name: Carlos González).
Hibernate: 
    select
        pje1_0.id,
        pje1_0.address_colony,
        pje1_0.address_municipality,
        pje1_0.address_postal_code,
        pje1_0.address_state,
        pje1_0.address_street,
        pje1_0.first_name,
        pje1_0.gender,
        pje1_0.image_path,
        pje1_0.last_name,
        pje1_0.phone,
        pje1_0.registration_date 
    from
        persons pje1_0 
    where
        pje1_0.id=?
]]></system-out>
  </testcase>
  <testcase name="shouldHandleMultipleSavesOfSamePerson" classname="Person Repository Integration Tests" time="0.029">
    <system-out><![CDATA[Hibernate: 
    select
        pje1_0.id,
        pje1_0.address_colony,
        pje1_0.address_municipality,
        pje1_0.address_postal_code,
        pje1_0.address_state,
        pje1_0.address_street,
        pje1_0.first_name,
        pje1_0.gender,
        pje1_0.image_path,
        pje1_0.last_name,
        pje1_0.phone,
        pje1_0.registration_date 
    from
        persons pje1_0
2025-11-22 22:59:48 [main] INFO  c.b.i.i.r.s.r.JpaPersonRepositoryAdapter - Saving Person ID PERSON-176e2dd5-5ee5-4ef6-8914-269648e68f83 (Name: Juan Pérez).
Hibernate: 
    select
        pje1_0.id,
        pje1_0.address_colony,
        pje1_0.address_municipality,
        pje1_0.address_postal_code,
        pje1_0.address_state,
        pje1_0.address_street,
        pje1_0.first_name,
        pje1_0.gender,
        pje1_0.image_path,
        pje1_0.last_name,
        pje1_0.phone,
        pje1_0.registration_date 
    from
        persons pje1_0 
    where
        pje1_0.id=?
2025-11-22 22:59:48 [main] INFO  c.b.i.i.r.s.r.JpaPersonRepositoryAdapter - Saving Person ID PERSON-176e2dd5-5ee5-4ef6-8914-269648e68f83 (Name: Juan Pérez).
2025-11-22 22:59:48 [main] INFO  c.b.i.i.r.s.r.JpaPersonRepositoryAdapter - Saving Person ID PERSON-176e2dd5-5ee5-4ef6-8914-269648e68f83 (Name: Juan Pérez).
Hibernate: 
    insert 
    into
        persons
        (address_colony, address_municipality, address_postal_code, address_state, address_street, first_name, gender, image_path, last_name, phone, registration_date, id) 
    values
        (?, ?, ?, ?, ?, ?, ?, ?, ?, ?, ?, ?)
Hibernate: 
    select
        pje1_0.id,
        pje1_0.address_colony,
        pje1_0.address_municipality,
        pje1_0.address_postal_code,
        pje1_0.address_state,
        pje1_0.address_street,
        pje1_0.first_name,
        pje1_0.gender,
        pje1_0.image_path,
        pje1_0.last_name,
        pje1_0.phone,
        pje1_0.registration_date 
    from
        persons pje1_0
]]></system-out>
  </testcase>
  <testcase name="shouldSaveAndRetrievePersonById" classname="Person Repository Integration Tests" time="0.02">
    <system-out><![CDATA[Hibernate: 
    select
        pje1_0.id,
        pje1_0.address_colony,
        pje1_0.address_municipality,
        pje1_0.address_postal_code,
        pje1_0.address_state,
        pje1_0.address_street,
        pje1_0.first_name,
        pje1_0.gender,
        pje1_0.image_path,
        pje1_0.last_name,
        pje1_0.phone,
        pje1_0.registration_date 
    from
        persons pje1_0
2025-11-22 22:59:48 [main] INFO  c.b.i.i.r.s.r.JpaPersonRepositoryAdapter - Saving Person ID PERSON-edf303e0-b7dc-4155-a2c0-b231c5ac6f6a (Name: Juan Pérez).
Hibernate: 
    select
        pje1_0.id,
        pje1_0.address_colony,
        pje1_0.address_municipality,
        pje1_0.address_postal_code,
        pje1_0.address_state,
        pje1_0.address_street,
        pje1_0.first_name,
        pje1_0.gender,
        pje1_0.image_path,
        pje1_0.last_name,
        pje1_0.phone,
        pje1_0.registration_date 
    from
        persons pje1_0 
    where
        pje1_0.id=?
]]></system-out>
  </testcase>
  <testcase name="shouldHandleAddressWithSpecialCharacters" classname="Person Repository Integration Tests" time="0.03">
    <system-out><![CDATA[Hibernate: 
    select
        pje1_0.id,
        pje1_0.address_colony,
        pje1_0.address_municipality,
        pje1_0.address_postal_code,
        pje1_0.address_state,
        pje1_0.address_street,
        pje1_0.first_name,
        pje1_0.gender,
        pje1_0.image_path,
        pje1_0.last_name,
        pje1_0.phone,
        pje1_0.registration_date 
    from
        persons pje1_0
2025-11-22 22:59:48 [main] INFO  c.b.i.i.r.s.r.JpaPersonRepositoryAdapter - Saving Person ID PERSON-440cc59c-c6f5-454a-a76f-76220e7a27b4 (Name: Juan Pérez).
Hibernate: 
    select
        pje1_0.id,
        pje1_0.address_colony,
        pje1_0.address_municipality,
        pje1_0.address_postal_code,
        pje1_0.address_state,
        pje1_0.address_street,
        pje1_0.first_name,
        pje1_0.gender,
        pje1_0.image_path,
        pje1_0.last_name,
        pje1_0.phone,
        pje1_0.registration_date 
    from
        persons pje1_0 
    where
        pje1_0.id=?
]]></system-out>
  </testcase>
  <testcase name="shouldUpdateExistingPerson" classname="Person Repository Integration Tests" time="0.027">
    <system-out><![CDATA[Hibernate: 
    select
        pje1_0.id,
        pje1_0.address_colony,
        pje1_0.address_municipality,
        pje1_0.address_postal_code,
        pje1_0.address_state,
        pje1_0.address_street,
        pje1_0.first_name,
        pje1_0.gender,
        pje1_0.image_path,
        pje1_0.last_name,
        pje1_0.phone,
        pje1_0.registration_date 
    from
        persons pje1_0
2025-11-22 22:59:48 [main] INFO  c.b.i.i.r.s.r.JpaPersonRepositoryAdapter - Saving Person ID PERSON-6e81a39e-0583-4776-82f4-212b1b46e5c9 (Name: Juan Pérez).
Hibernate: 
    select
        pje1_0.id,
        pje1_0.address_colony,
        pje1_0.address_municipality,
        pje1_0.address_postal_code,
        pje1_0.address_state,
        pje1_0.address_street,
        pje1_0.first_name,
        pje1_0.gender,
        pje1_0.image_path,
        pje1_0.last_name,
        pje1_0.phone,
        pje1_0.registration_date 
    from
        persons pje1_0 
    where
        pje1_0.id=?
2025-11-22 22:59:48 [main] INFO  c.b.i.i.r.s.r.JpaPersonRepositoryAdapter - Saving Person ID PERSON-6e81a39e-0583-4776-82f4-212b1b46e5c9 (Name: Juan Carlos Pérez García).
]]></system-out>
  </testcase>
  <testcase name="shouldUpdateAddress" classname="Person Repository Integration Tests" time="0.028">
    <system-out><![CDATA[Hibernate: 
    select
        pje1_0.id,
        pje1_0.address_colony,
        pje1_0.address_municipality,
        pje1_0.address_postal_code,
        pje1_0.address_state,
        pje1_0.address_street,
        pje1_0.first_name,
        pje1_0.gender,
        pje1_0.image_path,
        pje1_0.last_name,
        pje1_0.phone,
        pje1_0.registration_date 
    from
        persons pje1_0
2025-11-22 22:59:48 [main] INFO  c.b.i.i.r.s.r.JpaPersonRepositoryAdapter - Saving Person ID PERSON-d6fcc2d6-67b0-48cc-8443-e1cde6feb5ba (Name: Juan Pérez).
Hibernate: 
    select
        pje1_0.id,
        pje1_0.address_colony,
        pje1_0.address_municipality,
        pje1_0.address_postal_code,
        pje1_0.address_state,
        pje1_0.address_street,
        pje1_0.first_name,
        pje1_0.gender,
        pje1_0.image_path,
        pje1_0.last_name,
        pje1_0.phone,
        pje1_0.registration_date 
    from
        persons pje1_0 
    where
        pje1_0.id=?
2025-11-22 22:59:48 [main] INFO  c.b.i.i.r.s.r.JpaPersonRepositoryAdapter - Saving Person ID PERSON-d6fcc2d6-67b0-48cc-8443-e1cde6feb5ba (Name: Juan Pérez).
]]></system-out>
  </testcase>
  <testcase name="shouldMaintainFullNameConsistency" classname="Person Repository Integration Tests" time="0.021">
    <system-out><![CDATA[Hibernate: 
    select
        pje1_0.id,
        pje1_0.address_colony,
        pje1_0.address_municipality,
        pje1_0.address_postal_code,
        pje1_0.address_state,
        pje1_0.address_street,
        pje1_0.first_name,
        pje1_0.gender,
        pje1_0.image_path,
        pje1_0.last_name,
        pje1_0.phone,
        pje1_0.registration_date 
    from
        persons pje1_0
2025-11-22 22:59:48 [main] INFO  c.b.i.i.r.s.r.JpaPersonRepositoryAdapter - Saving Person ID PERSON-10a1795e-5678-4d8a-aa14-b9d90a540990 (Name: Juan Pérez).
Hibernate: 
    select
        pje1_0.id,
        pje1_0.address_colony,
        pje1_0.address_municipality,
        pje1_0.address_postal_code,
        pje1_0.address_state,
        pje1_0.address_street,
        pje1_0.first_name,
        pje1_0.gender,
        pje1_0.image_path,
        pje1_0.last_name,
        pje1_0.phone,
        pje1_0.registration_date 
    from
        persons pje1_0 
    where
        pje1_0.id=?
]]></system-out>
  </testcase>
  <testcase name="shouldHandleNamesWithAccentsAndSpecialCharacters" classname="Person Repository Integration Tests" time="0.018">
    <system-out><![CDATA[Hibernate: 
    select
        pje1_0.id,
        pje1_0.address_colony,
        pje1_0.address_municipality,
        pje1_0.address_postal_code,
        pje1_0.address_state,
        pje1_0.address_street,
        pje1_0.first_name,
        pje1_0.gender,
        pje1_0.image_path,
        pje1_0.last_name,
        pje1_0.phone,
        pje1_0.registration_date 
    from
        persons pje1_0
2025-11-22 22:59:48 [main] INFO  c.b.i.i.r.s.r.JpaPersonRepositoryAdapter - Saving Person ID PERSON-4a6b71f3-234e-40bc-a35f-c4c3a0600379 (Name: José María Ñuñez-García).
Hibernate: 
    select
        pje1_0.id,
        pje1_0.address_colony,
        pje1_0.address_municipality,
        pje1_0.address_postal_code,
        pje1_0.address_state,
        pje1_0.address_street,
        pje1_0.first_name,
        pje1_0.gender,
        pje1_0.image_path,
        pje1_0.last_name,
        pje1_0.phone,
        pje1_0.registration_date 
    from
        persons pje1_0 
    where
        pje1_0.id=?
]]></system-out>
  </testcase>
  <testcase name="shouldRemoveAddressBySettingNull" classname="Person Repository Integration Tests" time="0.02">
    <system-out><![CDATA[Hibernate: 
    select
        pje1_0.id,
        pje1_0.address_colony,
        pje1_0.address_municipality,
        pje1_0.address_postal_code,
        pje1_0.address_state,
        pje1_0.address_street,
        pje1_0.first_name,
        pje1_0.gender,
        pje1_0.image_path,
        pje1_0.last_name,
        pje1_0.phone,
        pje1_0.registration_date 
    from
        persons pje1_0
2025-11-22 22:59:48 [main] INFO  c.b.i.i.r.s.r.JpaPersonRepositoryAdapter - Saving Person ID PERSON-52050ece-744b-4740-8056-d0ae8686c52a (Name: Juan Pérez).
Hibernate: 
    select
        pje1_0.id,
        pje1_0.address_colony,
        pje1_0.address_municipality,
        pje1_0.address_postal_code,
        pje1_0.address_state,
        pje1_0.address_street,
        pje1_0.first_name,
        pje1_0.gender,
        pje1_0.image_path,
        pje1_0.last_name,
        pje1_0.phone,
        pje1_0.registration_date 
    from
        persons pje1_0 
    where
        pje1_0.id=?
2025-11-22 22:59:48 [main] INFO  c.b.i.i.r.s.r.JpaPersonRepositoryAdapter - Saving Person ID PERSON-52050ece-744b-4740-8056-d0ae8686c52a (Name: Juan Pérez).
]]></system-out>
  </testcase>
  <testcase name="shouldDeletePersonWithAddress" classname="Person Repository Integration Tests" time="0.021">
    <system-out><![CDATA[Hibernate: 
    select
        pje1_0.id,
        pje1_0.address_colony,
        pje1_0.address_municipality,
        pje1_0.address_postal_code,
        pje1_0.address_state,
        pje1_0.address_street,
        pje1_0.first_name,
        pje1_0.gender,
        pje1_0.image_path,
        pje1_0.last_name,
        pje1_0.phone,
        pje1_0.registration_date 
    from
        persons pje1_0
2025-11-22 22:59:48 [main] INFO  c.b.i.i.r.s.r.JpaPersonRepositoryAdapter - Saving Person ID PERSON-acb85bc2-a868-4ab8-8517-bd932259d8b4 (Name: María López).
Hibernate: 
    select
        pje1_0.id,
        pje1_0.address_colony,
        pje1_0.address_municipality,
        pje1_0.address_postal_code,
        pje1_0.address_state,
        pje1_0.address_street,
        pje1_0.first_name,
        pje1_0.gender,
        pje1_0.image_path,
        pje1_0.last_name,
        pje1_0.phone,
        pje1_0.registration_date 
    from
        persons pje1_0 
    where
        pje1_0.id=?
2025-11-22 22:59:48 [main] WARN  c.b.i.i.r.s.r.JpaPersonRepositoryAdapter - Deleting Person ID: PERSON-acb85bc2-a868-4ab8-8517-bd932259d8b4
2025-11-22 22:59:48 [main] INFO  c.b.i.i.r.s.r.JpaPersonRepositoryAdapter - Person ID PERSON-acb85bc2-a868-4ab8-8517-bd932259d8b4 deleted successfully.
]]></system-out>
  </testcase>
  <testcase name="shouldDeletePerson" classname="Person Repository Integration Tests" time="0.027">
    <system-out><![CDATA[Hibernate: 
    select
        pje1_0.id,
        pje1_0.address_colony,
        pje1_0.address_municipality,
        pje1_0.address_postal_code,
        pje1_0.address_state,
        pje1_0.address_street,
        pje1_0.first_name,
        pje1_0.gender,
        pje1_0.image_path,
        pje1_0.last_name,
        pje1_0.phone,
        pje1_0.registration_date 
    from
        persons pje1_0
2025-11-22 22:59:48 [main] INFO  c.b.i.i.r.s.r.JpaPersonRepositoryAdapter - Saving Person ID PERSON-ddb0ba41-e23d-4bbc-95a9-acb8f93e32e3 (Name: Juan Pérez).
Hibernate: 
    select
        pje1_0.id,
        pje1_0.address_colony,
        pje1_0.address_municipality,
        pje1_0.address_postal_code,
        pje1_0.address_state,
        pje1_0.address_street,
        pje1_0.first_name,
        pje1_0.gender,
        pje1_0.image_path,
        pje1_0.last_name,
        pje1_0.phone,
        pje1_0.registration_date 
    from
        persons pje1_0 
    where
        pje1_0.id=?
2025-11-22 22:59:48 [main] WARN  c.b.i.i.r.s.r.JpaPersonRepositoryAdapter - Deleting Person ID: PERSON-ddb0ba41-e23d-4bbc-95a9-acb8f93e32e3
2025-11-22 22:59:48 [main] INFO  c.b.i.i.r.s.r.JpaPersonRepositoryAdapter - Person ID PERSON-ddb0ba41-e23d-4bbc-95a9-acb8f93e32e3 deleted successfully.
]]></system-out>
  </testcase>
  <testcase name="shouldPersistRegistrationDate" classname="Person Repository Integration Tests" time="0.02">
    <system-out><![CDATA[Hibernate: 
    select
        pje1_0.id,
        pje1_0.address_colony,
        pje1_0.address_municipality,
        pje1_0.address_postal_code,
        pje1_0.address_state,
        pje1_0.address_street,
        pje1_0.first_name,
        pje1_0.gender,
        pje1_0.image_path,
        pje1_0.last_name,
        pje1_0.phone,
        pje1_0.registration_date 
    from
        persons pje1_0
2025-11-22 22:59:48 [main] INFO  c.b.i.i.r.s.r.JpaPersonRepositoryAdapter - Saving Person ID PERSON-d81eafd8-d1ce-47c1-abf3-338ef7fc0479 (Name: Juan Pérez).
Hibernate: 
    select
        pje1_0.id,
        pje1_0.address_colony,
        pje1_0.address_municipality,
        pje1_0.address_postal_code,
        pje1_0.address_state,
        pje1_0.address_street,
        pje1_0.first_name,
        pje1_0.gender,
        pje1_0.image_path,
        pje1_0.last_name,
        pje1_0.phone,
        pje1_0.registration_date 
    from
        persons pje1_0 
    where
        pje1_0.id=?
]]></system-out>
  </testcase>
  <testcase name="shouldReturnEmptyWhenPersonNotFound" classname="Person Repository Integration Tests" time="0.02">
    <system-out><![CDATA[Hibernate: 
    select
        pje1_0.id,
        pje1_0.address_colony,
        pje1_0.address_municipality,
        pje1_0.address_postal_code,
        pje1_0.address_state,
        pje1_0.address_street,
        pje1_0.first_name,
        pje1_0.gender,
        pje1_0.image_path,
        pje1_0.last_name,
        pje1_0.phone,
        pje1_0.registration_date 
    from
        persons pje1_0
Hibernate: 
    select
        pje1_0.id,
        pje1_0.address_colony,
        pje1_0.address_municipality,
        pje1_0.address_postal_code,
        pje1_0.address_state,
        pje1_0.address_street,
        pje1_0.first_name,
        pje1_0.gender,
        pje1_0.image_path,
        pje1_0.last_name,
        pje1_0.phone,
        pje1_0.registration_date 
    from
        persons pje1_0 
    where
        pje1_0.id=?
]]></system-out>
  </testcase>
  <testcase name="shouldPersistCompleteAddress" classname="Person Repository Integration Tests" time="0.025">
    <system-out><![CDATA[Hibernate: 
    select
        pje1_0.id,
        pje1_0.address_colony,
        pje1_0.address_municipality,
        pje1_0.address_postal_code,
        pje1_0.address_state,
        pje1_0.address_street,
        pje1_0.first_name,
        pje1_0.gender,
        pje1_0.image_path,
        pje1_0.last_name,
        pje1_0.phone,
        pje1_0.registration_date 
    from
        persons pje1_0
2025-11-22 22:59:48 [main] INFO  c.b.i.i.r.s.r.JpaPersonRepositoryAdapter - Saving Person ID PERSON-b3b18674-beb6-438d-8a0a-912e37ee224c (Name: Juan Pérez).
Hibernate: 
    select
        pje1_0.id,
        pje1_0.address_colony,
        pje1_0.address_municipality,
        pje1_0.address_postal_code,
        pje1_0.address_state,
        pje1_0.address_street,
        pje1_0.first_name,
        pje1_0.gender,
        pje1_0.image_path,
        pje1_0.last_name,
        pje1_0.phone,
        pje1_0.registration_date 
    from
        persons pje1_0 
    where
        pje1_0.id=?
]]></system-out>
  </testcase>
</testsuite>