<?xml version="1.0" encoding="UTF-8"?>
<testsuite xmlns:xsi="http://www.w3.org/2001/XMLSchema-instance" xsi:noNamespaceSchemaLocation="https://maven.apache.org/surefire/maven-surefire-plugin/xsd/surefire-test-report.xsd" version="3.0.2" name="com.braintrust.identity.integration.repository.UserRepositoryIntegrationTest" time="6.294" tests="28" errors="0" skipped="0" failures="0">
  <properties>
[...]
</properties>
  <testcase name="shouldMaintainCreationTimestampAcrossUpdates" classname="User Repository Integration Tests" time="0.112">
    <system-out><![CDATA[2025-11-22 22:59:49 [main] INFO  tc.postgres:15-alpine - Creating container for image: postgres:15-alpine
2025-11-22 22:59:49 [main] WARN  tc.postgres:15-alpine - Reuse was requested but the environment does not support the reuse of containers
To enable reuse of containers, you must set 'testcontainers.reuse.enable=true' in a file located at C:\Users\GAMER\.testcontainers.properties
2025-11-22 22:59:49 [main] INFO  tc.postgres:15-alpine - Container postgres:15-alpine is starting: 76e156ecbde675203a8ba178fd800effbd886d3506517dd15de989f0add16347
2025-11-22 22:59:51 [main] INFO  tc.postgres:15-alpine - Container postgres:15-alpine started in PT2.0988462S
2025-11-22 22:59:51 [main] INFO  tc.postgres:15-alpine - Container is started (JDBC URL: jdbc:postgresql://localhost:58924/identity_test?loggerLevel=OFF)

  .   ____          _            __ _ _
 /\\ / ___'_ __ _ _(_)_ __  __ _ \ \ \ \
( ( )\___ | '_ | '_| | '_ \/ _` | \ \ \ \
 \\/  ___)| |_)| | | | | || (_| |  ) ) ) )
  '  |____| .__|_| |_|_| |_\__, | / / / /
 =========|_|==============|___/=/_/_/_/

 :: Spring Boot ::                (v3.5.6)

2025-11-22 22:59:51 [main] INFO  c.b.i.i.r.UserRepositoryIntegrationTest - Starting UserRepositoryIntegrationTest using Java 25.0.1 with PID 12872 (started by GAMER in C:\Users\GAMER\Music\BrainTrust\backend\container-app)
2025-11-22 22:59:51 [main] INFO  c.b.i.i.r.UserRepositoryIntegrationTest - The following 1 profile is active: "test"
2025-11-22 22:59:51 [main] INFO  o.s.d.r.c.RepositoryConfigurationDelegate - Bootstrapping Spring Data JPA repositories in DEFAULT mode.
2025-11-22 22:59:51 [main] INFO  o.s.d.r.c.RepositoryConfigurationDelegate - Finished Spring Data repository scanning in 18 ms. Found 14 JPA repository interfaces.
2025-11-22 22:59:51 [main] INFO  o.h.jpa.internal.util.LogHelper - HHH000204: Processing PersistenceUnitInfo [name: default]
2025-11-22 22:59:51 [main] INFO  o.h.c.i.RegionFactoryInitiator - HHH000026: Second-level cache disabled
2025-11-22 22:59:51 [main] INFO  o.s.o.j.p.SpringPersistenceUnitInfo - No LoadTimeWeaver setup: ignoring JPA class transformer
2025-11-22 22:59:51 [main] INFO  com.zaxxer.hikari.HikariDataSource - HikariPool-6 - Starting...
2025-11-22 22:59:51 [main] INFO  com.zaxxer.hikari.pool.HikariPool - HikariPool-6 - Added connection org.postgresql.jdbc.PgConnection@2ffe6045
2025-11-22 22:59:51 [main] INFO  com.zaxxer.hikari.HikariDataSource - HikariPool-6 - Start completed.
2025-11-22 22:59:51 [main] WARN  org.hibernate.orm.deprecation - HHH90000025: PostgreSQLDialect does not need to be specified explicitly using 'hibernate.dialect' (remove the property setting and it will be selected by default)
2025-11-22 22:59:51 [main] INFO  o.hibernate.orm.connections.pooling - HHH10001005: Database info:
	Database JDBC URL [Connecting through datasource 'HikariDataSource (HikariPool-6)']
	Database driver: undefined/unknown
	Database version: 15.13
	Autocommit mode: undefined/unknown
	Isolation level: undefined/unknown
	Minimum pool size: undefined/unknown
	Maximum pool size: undefined/unknown
2025-11-22 22:59:52 [main] INFO  o.h.e.t.j.p.i.JtaPlatformInitiator - HHH000489: No JTA platform available (set 'hibernate.transaction.jta.platform' to enable JTA platform integration)
Hibernate: 
    set client_min_messages = WARNING
Hibernate: 
    alter table if exists course_units 
       drop constraint if exists FKm3b85d0rboonwt1afr2lerfrd
Hibernate: 
    alter table if exists documents 
       drop constraint if exists FKa28w6yrj86v1s03t4iicdyek1
Hibernate: 
    alter table if exists documents 
       drop constraint if exists FK9sj9iueawf5wuhorj8hks7pyj
Hibernate: 
    alter table if exists documents 
       drop constraint if exists FKg6tfi9n0q2q4m2b1xnq6m2dv
Hibernate: 
    alter table if exists enrollments 
       drop constraint if exists FKho8mcicp4196ebpltdn9wl6co
Hibernate: 
    alter table if exists group_members 
       drop constraint if exists FK5oi8h89alq1pwu1y764xev5li
Hibernate: 
    alter table if exists page_external_links 
       drop constraint if exists FKi2p4x5dwr7egletewk64an2gc
Hibernate: 
    alter table if exists quiz_questions 
       drop constraint if exists FKanfmgf6ksbdnv7ojb0pfve54q
Hibernate: 
    drop table if exists analysis_requests cascade
Hibernate: 
    drop table if exists assignments cascade
Hibernate: 
    drop table if exists course_units cascade
Hibernate: 
    drop table if exists courses cascade
Hibernate: 
    drop table if exists documents cascade
Hibernate: 
    drop table if exists enrollments cascade
Hibernate: 
    drop table if exists gradebooks cascade
Hibernate: 
    drop table if exists group_members cascade
Hibernate: 
    drop table if exists page_external_links cascade
Hibernate: 
    drop table if exists pages cascade
Hibernate: 
    drop table if exists persons cascade
Hibernate: 
    drop table if exists quiz_questions cascade
Hibernate: 
    drop table if exists quiz_submissions cascade
Hibernate: 
    drop table if exists quizzes cascade
Hibernate: 
    drop table if exists student_groups cascade
Hibernate: 
    drop table if exists submissions cascade
Hibernate: 
    drop table if exists unit_grades cascade
Hibernate: 
    drop table if exists users cascade
Hibernate: 
    create table analysis_requests (
        probability numeric(10,4),
        analyzed_at timestamp(6),
        created_at timestamp(6) not null,
        confidence_level varchar(20),
        status varchar(20) not null,
        id varchar(50) not null,
        model_used varchar(50),
        submission_id varchar(50) not null,
        content TEXT not null,
        detected_segments_json jsonb,
        error_message TEXT,
        primary key (id)
    )
Hibernate: 
    create table assignments (
        active boolean not null,
        max_points integer not null,
        created_at timestamp(6) not null,
        due_date timestamp(6),
        target_type varchar(20) not null,
        course_id varchar(50) not null,
        id varchar(50) not null,
        unit_id varchar(50),
        description TEXT,
        instructions TEXT,
        title varchar(255) not null,
        primary key (id)
    )
Hibernate: 
    create table course_units (
        num_unity integer not null,
        course_id varchar(50) not null,
        id varchar(50) not null,
        url_image varchar(500),
        description TEXT,
        name varchar(255) not null,
        primary key (id)
    )
Hibernate: 
    create table courses (
        active boolean not null,
        created_at timestamp(6) not null,
        code varchar(50) not null unique,
        grade varchar(50),
        group_name varchar(50),
        id varchar(50) not null,
        teacher_id varchar(50) not null,
        url_image varchar(500),
        description TEXT,
        name varchar(255) not null,
        primary key (id)
    )
Hibernate: 
    create table documents (
        assignment_id varchar(50),
        id varchar(50) not null,
        page_id varchar(50),
        submission_id varchar(50),
        name varchar(255) not null,
        storage_path varchar(255) not null,
        primary key (id)
    )
Hibernate: 
    create table enrollments (
        enrollment_date date not null,
        final_grade_max_score numeric(10,2),
        final_grade_value numeric(10,2),
        status varchar(20) not null,
        course_id varchar(50) not null,
        id varchar(50) not null,
        student_id varchar(50) not null,
        primary key (id),
        constraint idx_enrollment_course_student unique (course_id, student_id)
    )
Hibernate: 
    create table gradebooks (
        calculated_total_value numeric(10,2),
        final_grade_value numeric(10,2),
        last_calculated timestamp(6) not null,
        course_id varchar(50) not null,
        id varchar(50) not null,
        student_id varchar(50) not null,
        final_feedback TEXT,
        primary key (id),
        constraint idx_gradebook_course_student unique (course_id, student_id)
    )
Hibernate: 
    create table group_members (
        group_id varchar(50) not null,
        student_id varchar(50)
    )
Hibernate: 
    create table page_external_links (
        page_id varchar(50) not null,
        url varchar(500)
    )
Hibernate: 
    create table pages (
        published boolean not null,
        created_at timestamp(6) not null,
        last_modified timestamp(6) not null,
        course_id varchar(50) not null,
        id varchar(50) not null,
        unit_id varchar(50) not null,
        content TEXT,
        title varchar(255) not null,
        primary key (id)
    )
Hibernate: 
    create table persons (
        registration_date date not null,
        address_postal_code varchar(10),
        gender varchar(20),
        phone varchar(20),
        id varchar(50) not null,
        address_colony varchar(100),
        address_municipality varchar(100),
        address_state varchar(100),
        image_path varchar(500),
        address_street varchar(255),
        first_name varchar(255) not null,
        last_name varchar(255) not null,
        primary key (id)
    )
Hibernate: 
    create table quiz_questions (
        points integer not null,
        id varchar(50) not null,
        question_type varchar(50) not null,
        quiz_id varchar(50),
        correct_answer TEXT,
        options_json TEXT,
        question_text TEXT not null,
        primary key (id)
    )
Hibernate: 
    create table quiz_submissions (
        attempt_number integer not null,
        auto_graded boolean not null,
        grade_max_score numeric(10,2),
        grade_value numeric(10,2),
        started_at timestamp(6) not null,
        submitted_at timestamp(6),
        id varchar(50) not null,
        quiz_id varchar(50) not null,
        status varchar(50) not null,
        student_id varchar(50) not null,
        answers_json TEXT,
        primary key (id)
    )
Hibernate: 
    create table quizzes (
        active boolean not null,
        max_attempts integer not null,
        show_correct_answers boolean not null,
        shuffle_questions boolean not null,
        time_limit_minutes integer,
        available_from timestamp(6),
        available_until timestamp(6),
        created_at timestamp(6) not null,
        course_id varchar(50) not null,
        id varchar(50) not null,
        unit_id varchar(50),
        description TEXT,
        title varchar(255) not null,
        primary key (id)
    )
Hibernate: 
    create table student_groups (
        active boolean not null,
        created_at timestamp(6) not null,
        course_id varchar(50) not null,
        id varchar(50) not null,
        description TEXT,
        name varchar(255) not null,
        primary key (id)
    )
Hibernate: 
    create table submissions (
        grade_max_score numeric(10,2),
        grade_value numeric(10,2),
        submitted_at timestamp(6) not null,
        status varchar(20) not null,
        assignment_id varchar(50) not null,
        id varchar(50) not null,
        student_id varchar(50) not null,
        team_id varchar(50),
        content TEXT not null,
        teacher_feedback TEXT,
        primary key (id)
    )
Hibernate: 
    create table unit_grades (
        calculated_total_value numeric(10,2),
        final_grade_value numeric(10,2),
        last_calculated timestamp(6) not null,
        id varchar(50) not null,
        student_id varchar(50) not null,
        unit_id varchar(50) not null,
        assignment_grades_json TEXT,
        final_feedback TEXT,
        quiz_grades_json TEXT,
        primary key (id)
    )
Hibernate: 
    create table users (
        active boolean not null,
        created_at timestamp(6) not null,
        role varchar(20) not null check (role in ('STUDENT','TEACHER','ADMIN','SYS_MANAGER')),
        id varchar(50) not null,
        person_id varchar(50) not null,
        student_id varchar(50),
        email varchar(254) not null unique,
        password_hash varchar(255) not null,
        primary key (id)
    )
Hibernate: 
    create index idx_analysis_submission 
       on analysis_requests (submission_id)
Hibernate: 
    create index idx_analysis_status 
       on analysis_requests (status)
Hibernate: 
    create index idx_analysis_probability 
       on analysis_requests (probability)
Hibernate: 
    create index idx_assignment_course 
       on assignments (course_id)
Hibernate: 
    create index idx_assignment_unit 
       on assignments (unit_id)
Hibernate: 
    create index idx_assignment_due_date 
       on assignments (due_date)
Hibernate: 
    create index idx_assignment_target_type 
       on assignments (target_type)
Hibernate: 
    create index idx_unit_course 
       on course_units (course_id)
Hibernate: 
    create index idx_unit_number 
       on course_units (num_unity)
Hibernate: 
    create index idx_course_teacher 
       on courses (teacher_id)
Hibernate: 
    create index idx_document_assignment 
       on documents (assignment_id)
Hibernate: 
    create index idx_document_submission 
       on documents (submission_id)
Hibernate: 
    create index idx_document_page 
       on documents (page_id)
Hibernate: 
    create index idx_enrollment_course 
       on enrollments (course_id)
Hibernate: 
    create index idx_enrollment_student 
       on enrollments (student_id)
Hibernate: 
    create index idx_enrollment_status 
       on enrollments (status)
Hibernate: 
    create index idx_gradebook_course 
       on gradebooks (course_id)
Hibernate: 
    create index idx_gradebook_student 
       on gradebooks (student_id)
Hibernate: 
    create index idx_page_course 
       on pages (course_id)
Hibernate: 
    create index idx_page_unit 
       on pages (unit_id)
Hibernate: 
    create index idx_page_published 
       on pages (published)
Hibernate: 
    create index idx_qsubm_quiz 
       on quiz_submissions (quiz_id)
Hibernate: 
    create index idx_qsubm_student 
       on quiz_submissions (student_id)
Hibernate: 
    create index idx_qsubm_status 
       on quiz_submissions (status)
Hibernate: 
    create index idx_quiz_course 
       on quizzes (course_id)
Hibernate: 
    create index idx_quiz_active 
       on quizzes (active)
Hibernate: 
    create index idx_group_course 
       on student_groups (course_id)
Hibernate: 
    create index idx_group_active 
       on student_groups (active)
Hibernate: 
    create index idx_submission_assignment 
       on submissions (assignment_id)
Hibernate: 
    create index idx_submission_student 
       on submissions (student_id)
Hibernate: 
    create index idx_submission_status 
       on submissions (status)
Hibernate: 
    create index idx_submission_team 
       on submissions (team_id)
Hibernate: 
    create index idx_ugrade_unit 
       on unit_grades (unit_id)
Hibernate: 
    create index idx_ugrade_student 
       on unit_grades (student_id)
Hibernate: 
    create index idx_ugrade_unit_student 
       on unit_grades (unit_id, student_id)
Hibernate: 
    create index idx_user_email 
       on users (email)
Hibernate: 
    create index idx_user_person_id 
       on users (person_id)
Hibernate: 
    alter table if exists course_units 
       add constraint FKm3b85d0rboonwt1afr2lerfrd 
       foreign key (course_id) 
       references courses
Hibernate: 
    alter table if exists documents 
       add constraint FKa28w6yrj86v1s03t4iicdyek1 
       foreign key (assignment_id) 
       references assignments
Hibernate: 
    alter table if exists documents 
       add constraint FK9sj9iueawf5wuhorj8hks7pyj 
       foreign key (page_id) 
       references pages
Hibernate: 
    alter table if exists documents 
       add constraint FKg6tfi9n0q2q4m2b1xnq6m2dv 
       foreign key (submission_id) 
       references submissions
Hibernate: 
    alter table if exists enrollments 
       add constraint FKho8mcicp4196ebpltdn9wl6co 
       foreign key (course_id) 
       references courses
Hibernate: 
    alter table if exists group_members 
       add constraint FK5oi8h89alq1pwu1y764xev5li 
       foreign key (group_id) 
       references student_groups
Hibernate: 
    alter table if exists page_external_links 
       add constraint FKi2p4x5dwr7egletewk64an2gc 
       foreign key (page_id) 
       references pages
Hibernate: 
    alter table if exists quiz_questions 
       add constraint FKanfmgf6ksbdnv7ojb0pfve54q 
       foreign key (quiz_id) 
       references quizzes
2025-11-22 22:59:52 [main] INFO  o.s.o.j.LocalContainerEntityManagerFactoryBean - Initialized JPA EntityManagerFactory for persistence unit 'default'
2025-11-22 22:59:52 [main] INFO  c.b.i.i.r.s.r.JpaUserRepositoryAdapter - Initialized JpaUserRepositoryAdapter.
2025-11-22 22:59:52 [main] INFO  c.b.i.i.r.s.r.JpaPersonRepositoryAdapter - Initialized JpaPersonRepositoryAdapter.
2025-11-22 22:59:52 [main] INFO  c.b.i.i.r.UserRepositoryIntegrationTest - Started UserRepositoryIntegrationTest in 0.893 seconds (process running for 37.252)
Hibernate: 
    select
        uje1_0.id,
        uje1_0.active,
        uje1_0.created_at,
        uje1_0.email,
        uje1_0.password_hash,
        uje1_0.person_id,
        uje1_0.role,
        uje1_0.student_id 
    from
        users uje1_0
Hibernate: 
    select
        pje1_0.id,
        pje1_0.address_colony,
        pje1_0.address_municipality,
        pje1_0.address_postal_code,
        pje1_0.address_state,
        pje1_0.address_street,
        pje1_0.first_name,
        pje1_0.gender,
        pje1_0.image_path,
        pje1_0.last_name,
        pje1_0.phone,
        pje1_0.registration_date 
    from
        persons pje1_0
2025-11-22 22:59:52 [main] INFO  c.b.i.i.r.s.r.JpaPersonRepositoryAdapter - Saving Person ID PERSON-53ccd06b-b56f-4f6c-b914-397c57c6dbee (Name: Juan Pérez).
Hibernate: 
    select
        pje1_0.id,
        pje1_0.address_colony,
        pje1_0.address_municipality,
        pje1_0.address_postal_code,
        pje1_0.address_state,
        pje1_0.address_street,
        pje1_0.first_name,
        pje1_0.gender,
        pje1_0.image_path,
        pje1_0.last_name,
        pje1_0.phone,
        pje1_0.registration_date 
    from
        persons pje1_0 
    where
        pje1_0.id=?
2025-11-22 22:59:52 [main] INFO  c.b.i.i.r.s.r.JpaPersonRepositoryAdapter - Saving Person ID PERSON-81fce002-edbc-46dd-b265-feb88c3fe3c6 (Name: Teacher User).
Hibernate: 
    select
        pje1_0.id,
        pje1_0.address_colony,
        pje1_0.address_municipality,
        pje1_0.address_postal_code,
        pje1_0.address_state,
        pje1_0.address_street,
        pje1_0.first_name,
        pje1_0.gender,
        pje1_0.image_path,
        pje1_0.last_name,
        pje1_0.phone,
        pje1_0.registration_date 
    from
        persons pje1_0 
    where
        pje1_0.id=?
2025-11-22 22:59:52 [main] INFO  c.b.i.i.r.s.r.JpaUserRepositoryAdapter - Saving User ID USER-81f51229-4b63-4612-9554-93a68e79517b (Role: TEACHER, Email: test@example.com).
Hibernate: 
    select
        uje1_0.id,
        uje1_0.active,
        uje1_0.created_at,
        uje1_0.email,
        uje1_0.password_hash,
        uje1_0.person_id,
        uje1_0.role,
        uje1_0.student_id 
    from
        users uje1_0 
    where
        uje1_0.id=?
2025-11-22 22:59:52 [main] INFO  c.b.i.i.r.s.r.JpaUserRepositoryAdapter - Saving User ID USER-81f51229-4b63-4612-9554-93a68e79517b (Role: TEACHER, Email: new@example.com).
]]></system-out>
  </testcase>
  <testcase name="shouldPersistHashedPassword" classname="User Repository Integration Tests" time="0.083">
    <system-out><![CDATA[Hibernate: 
    select
        uje1_0.id,
        uje1_0.active,
        uje1_0.created_at,
        uje1_0.email,
        uje1_0.password_hash,
        uje1_0.person_id,
        uje1_0.role,
        uje1_0.student_id 
    from
        users uje1_0
Hibernate: 
    select
        pje1_0.id,
        pje1_0.address_colony,
        pje1_0.address_municipality,
        pje1_0.address_postal_code,
        pje1_0.address_state,
        pje1_0.address_street,
        pje1_0.first_name,
        pje1_0.gender,
        pje1_0.image_path,
        pje1_0.last_name,
        pje1_0.phone,
        pje1_0.registration_date 
    from
        persons pje1_0
2025-11-22 22:59:52 [main] INFO  c.b.i.i.r.s.r.JpaPersonRepositoryAdapter - Saving Person ID PERSON-66b9b2ba-a544-49ee-a3c6-dc37b946c323 (Name: Juan Pérez).
Hibernate: 
    select
        pje1_0.id,
        pje1_0.address_colony,
        pje1_0.address_municipality,
        pje1_0.address_postal_code,
        pje1_0.address_state,
        pje1_0.address_street,
        pje1_0.first_name,
        pje1_0.gender,
        pje1_0.image_path,
        pje1_0.last_name,
        pje1_0.phone,
        pje1_0.registration_date 
    from
        persons pje1_0 
    where
        pje1_0.id=?
2025-11-22 22:59:52 [main] INFO  c.b.i.i.r.s.r.JpaUserRepositoryAdapter - Saving User ID USER-72af1e7e-7088-409b-a31c-6e8879af6868 (Role: TEACHER, Email: test@example.com).
Hibernate: 
    select
        uje1_0.id,
        uje1_0.active,
        uje1_0.created_at,
        uje1_0.email,
        uje1_0.password_hash,
        uje1_0.person_id,
        uje1_0.role,
        uje1_0.student_id 
    from
        users uje1_0 
    where
        uje1_0.id=?
]]></system-out>
  </testcase>
  <testcase name="shouldReturnEmptyListWhenNoActiveUsersExist" classname="User Repository Integration Tests" time="0.098">
    <system-out><![CDATA[Hibernate: 
    select
        uje1_0.id,
        uje1_0.active,
        uje1_0.created_at,
        uje1_0.email,
        uje1_0.password_hash,
        uje1_0.person_id,
        uje1_0.role,
        uje1_0.student_id 
    from
        users uje1_0
Hibernate: 
    select
        pje1_0.id,
        pje1_0.address_colony,
        pje1_0.address_municipality,
        pje1_0.address_postal_code,
        pje1_0.address_state,
        pje1_0.address_street,
        pje1_0.first_name,
        pje1_0.gender,
        pje1_0.image_path,
        pje1_0.last_name,
        pje1_0.phone,
        pje1_0.registration_date 
    from
        persons pje1_0
2025-11-22 22:59:52 [main] INFO  c.b.i.i.r.s.r.JpaPersonRepositoryAdapter - Saving Person ID PERSON-8d6c1681-1d45-4c86-aa6d-b32c469ee649 (Name: Juan Pérez).
Hibernate: 
    select
        pje1_0.id,
        pje1_0.address_colony,
        pje1_0.address_municipality,
        pje1_0.address_postal_code,
        pje1_0.address_state,
        pje1_0.address_street,
        pje1_0.first_name,
        pje1_0.gender,
        pje1_0.image_path,
        pje1_0.last_name,
        pje1_0.phone,
        pje1_0.registration_date 
    from
        persons pje1_0 
    where
        pje1_0.id=?
2025-11-22 22:59:52 [main] INFO  c.b.i.i.r.s.r.JpaPersonRepositoryAdapter - Saving Person ID PERSON-7c19d6dd-d163-4314-be6f-3574d32fcc4d (Name: Teacher User).
Hibernate: 
    select
        pje1_0.id,
        pje1_0.address_colony,
        pje1_0.address_municipality,
        pje1_0.address_postal_code,
        pje1_0.address_state,
        pje1_0.address_street,
        pje1_0.first_name,
        pje1_0.gender,
        pje1_0.image_path,
        pje1_0.last_name,
        pje1_0.phone,
        pje1_0.registration_date 
    from
        persons pje1_0 
    where
        pje1_0.id=?
2025-11-22 22:59:52 [main] INFO  c.b.i.i.r.s.r.JpaUserRepositoryAdapter - Saving User ID USER-9177a87f-4335-43c1-9c3d-dc02808661fe (Role: TEACHER, Email: test@example.com).
Hibernate: 
    select
        uje1_0.id,
        uje1_0.active,
        uje1_0.created_at,
        uje1_0.email,
        uje1_0.password_hash,
        uje1_0.person_id,
        uje1_0.role,
        uje1_0.student_id 
    from
        users uje1_0 
    where
        uje1_0.id=?
2025-11-22 22:59:52 [main] INFO  c.b.i.i.r.s.r.JpaUserRepositoryAdapter - Saving User ID USER-9177a87f-4335-43c1-9c3d-dc02808661fe (Role: TEACHER, Email: test@example.com).
Hibernate: 
    insert 
    into
        persons
        (address_colony, address_municipality, address_postal_code, address_state, address_street, first_name, gender, image_path, last_name, phone, registration_date, id) 
    values
        (?, ?, ?, ?, ?, ?, ?, ?, ?, ?, ?, ?)
Hibernate: 
    insert 
    into
        persons
        (address_colony, address_municipality, address_postal_code, address_state, address_street, first_name, gender, image_path, last_name, phone, registration_date, id) 
    values
        (?, ?, ?, ?, ?, ?, ?, ?, ?, ?, ?, ?)
Hibernate: 
    insert 
    into
        users
        (active, created_at, email, password_hash, person_id, role, student_id, id) 
    values
        (?, ?, ?, ?, ?, ?, ?, ?)
Hibernate: 
    update
        users 
    set
        active=?,
        created_at=?,
        email=?,
        password_hash=?,
        person_id=?,
        role=?,
        student_id=? 
    where
        id=?
Hibernate: 
    select
        uje1_0.id,
        uje1_0.active,
        uje1_0.created_at,
        uje1_0.email,
        uje1_0.password_hash,
        uje1_0.person_id,
        uje1_0.role,
        uje1_0.student_id 
    from
        users uje1_0 
    where
        uje1_0.active
]]></system-out>
  </testcase>
  <testcase name="shouldToggleActiveStatus" classname="User Repository Integration Tests" time="0.082">
    <system-out><![CDATA[Hibernate: 
    select
        uje1_0.id,
        uje1_0.active,
        uje1_0.created_at,
        uje1_0.email,
        uje1_0.password_hash,
        uje1_0.person_id,
        uje1_0.role,
        uje1_0.student_id 
    from
        users uje1_0
Hibernate: 
    select
        pje1_0.id,
        pje1_0.address_colony,
        pje1_0.address_municipality,
        pje1_0.address_postal_code,
        pje1_0.address_state,
        pje1_0.address_street,
        pje1_0.first_name,
        pje1_0.gender,
        pje1_0.image_path,
        pje1_0.last_name,
        pje1_0.phone,
        pje1_0.registration_date 
    from
        persons pje1_0
2025-11-22 22:59:52 [main] INFO  c.b.i.i.r.s.r.JpaPersonRepositoryAdapter - Saving Person ID PERSON-6233ecb5-f3ad-407b-a277-913e5f2ba41f (Name: Juan Pérez).
Hibernate: 
    select
        pje1_0.id,
        pje1_0.address_colony,
        pje1_0.address_municipality,
        pje1_0.address_postal_code,
        pje1_0.address_state,
        pje1_0.address_street,
        pje1_0.first_name,
        pje1_0.gender,
        pje1_0.image_path,
        pje1_0.last_name,
        pje1_0.phone,
        pje1_0.registration_date 
    from
        persons pje1_0 
    where
        pje1_0.id=?
2025-11-22 22:59:52 [main] INFO  c.b.i.i.r.s.r.JpaPersonRepositoryAdapter - Saving Person ID PERSON-c120c3bb-f516-4cfd-9ac9-ebb0c376ddbf (Name: Teacher User).
Hibernate: 
    select
        pje1_0.id,
        pje1_0.address_colony,
        pje1_0.address_municipality,
        pje1_0.address_postal_code,
        pje1_0.address_state,
        pje1_0.address_street,
        pje1_0.first_name,
        pje1_0.gender,
        pje1_0.image_path,
        pje1_0.last_name,
        pje1_0.phone,
        pje1_0.registration_date 
    from
        persons pje1_0 
    where
        pje1_0.id=?
2025-11-22 22:59:52 [main] INFO  c.b.i.i.r.s.r.JpaUserRepositoryAdapter - Saving User ID USER-3c13fa08-5e89-4cc5-8826-7ca49a4be5ff (Role: TEACHER, Email: test@example.com).
Hibernate: 
    select
        uje1_0.id,
        uje1_0.active,
        uje1_0.created_at,
        uje1_0.email,
        uje1_0.password_hash,
        uje1_0.person_id,
        uje1_0.role,
        uje1_0.student_id 
    from
        users uje1_0 
    where
        uje1_0.id=?
2025-11-22 22:59:52 [main] INFO  c.b.i.i.r.s.r.JpaUserRepositoryAdapter - Saving User ID USER-3c13fa08-5e89-4cc5-8826-7ca49a4be5ff (Role: TEACHER, Email: test@example.com).
2025-11-22 22:59:52 [main] INFO  c.b.i.i.r.s.r.JpaUserRepositoryAdapter - Saving User ID USER-3c13fa08-5e89-4cc5-8826-7ca49a4be5ff (Role: TEACHER, Email: test@example.com).
]]></system-out>
  </testcase>
  <testcase name="shouldReturnEmptyWhenPersonIdNotFound" classname="User Repository Integration Tests" time="0.025">
    <system-out><![CDATA[Hibernate: 
    select
        uje1_0.id,
        uje1_0.active,
        uje1_0.created_at,
        uje1_0.email,
        uje1_0.password_hash,
        uje1_0.person_id,
        uje1_0.role,
        uje1_0.student_id 
    from
        users uje1_0
Hibernate: 
    select
        pje1_0.id,
        pje1_0.address_colony,
        pje1_0.address_municipality,
        pje1_0.address_postal_code,
        pje1_0.address_state,
        pje1_0.address_street,
        pje1_0.first_name,
        pje1_0.gender,
        pje1_0.image_path,
        pje1_0.last_name,
        pje1_0.phone,
        pje1_0.registration_date 
    from
        persons pje1_0
2025-11-22 22:59:52 [main] INFO  c.b.i.i.r.s.r.JpaPersonRepositoryAdapter - Saving Person ID PERSON-bd8b6c12-b37a-4164-a6f5-9c9e24ddd296 (Name: Juan Pérez).
Hibernate: 
    select
        pje1_0.id,
        pje1_0.address_colony,
        pje1_0.address_municipality,
        pje1_0.address_postal_code,
        pje1_0.address_state,
        pje1_0.address_street,
        pje1_0.first_name,
        pje1_0.gender,
        pje1_0.image_path,
        pje1_0.last_name,
        pje1_0.phone,
        pje1_0.registration_date 
    from
        persons pje1_0 
    where
        pje1_0.id=?
Hibernate: 
    select
        uje1_0.id,
        uje1_0.active,
        uje1_0.created_at,
        uje1_0.email,
        uje1_0.password_hash,
        uje1_0.person_id,
        uje1_0.role,
        uje1_0.student_id 
    from
        users uje1_0 
    where
        uje1_0.person_id=?
]]></system-out>
  </testcase>
  <testcase name="shouldRollbackOnException" classname="User Repository Integration Tests" time="0.092">
    <system-out><![CDATA[Hibernate: 
    select
        uje1_0.id,
        uje1_0.active,
        uje1_0.created_at,
        uje1_0.email,
        uje1_0.password_hash,
        uje1_0.person_id,
        uje1_0.role,
        uje1_0.student_id 
    from
        users uje1_0
Hibernate: 
    select
        pje1_0.id,
        pje1_0.address_colony,
        pje1_0.address_municipality,
        pje1_0.address_postal_code,
        pje1_0.address_state,
        pje1_0.address_street,
        pje1_0.first_name,
        pje1_0.gender,
        pje1_0.image_path,
        pje1_0.last_name,
        pje1_0.phone,
        pje1_0.registration_date 
    from
        persons pje1_0
2025-11-22 22:59:52 [main] INFO  c.b.i.i.r.s.r.JpaPersonRepositoryAdapter - Saving Person ID PERSON-55d41750-7e34-47f3-9f54-ac8fdb13c8d5 (Name: Juan Pérez).
Hibernate: 
    select
        pje1_0.id,
        pje1_0.address_colony,
        pje1_0.address_municipality,
        pje1_0.address_postal_code,
        pje1_0.address_state,
        pje1_0.address_street,
        pje1_0.first_name,
        pje1_0.gender,
        pje1_0.image_path,
        pje1_0.last_name,
        pje1_0.phone,
        pje1_0.registration_date 
    from
        persons pje1_0 
    where
        pje1_0.id=?
2025-11-22 22:59:52 [main] INFO  c.b.i.i.r.s.r.JpaPersonRepositoryAdapter - Saving Person ID PERSON-44c47745-4703-4e50-9f67-cf2883ecafb0 (Name: Teacher User).
Hibernate: 
    select
        pje1_0.id,
        pje1_0.address_colony,
        pje1_0.address_municipality,
        pje1_0.address_postal_code,
        pje1_0.address_state,
        pje1_0.address_street,
        pje1_0.first_name,
        pje1_0.gender,
        pje1_0.image_path,
        pje1_0.last_name,
        pje1_0.phone,
        pje1_0.registration_date 
    from
        persons pje1_0 
    where
        pje1_0.id=?
2025-11-22 22:59:53 [main] INFO  c.b.i.i.r.s.r.JpaUserRepositoryAdapter - Saving User ID USER-b8f82100-be75-4ca7-8c9a-982d7b45b7b9 (Role: TEACHER, Email: test@example.com).
Hibernate: 
    select
        uje1_0.id,
        uje1_0.active,
        uje1_0.created_at,
        uje1_0.email,
        uje1_0.password_hash,
        uje1_0.person_id,
        uje1_0.role,
        uje1_0.student_id 
    from
        users uje1_0 
    where
        uje1_0.id=?
Hibernate: 
    insert 
    into
        persons
        (address_colony, address_municipality, address_postal_code, address_state, address_street, first_name, gender, image_path, last_name, phone, registration_date, id) 
    values
        (?, ?, ?, ?, ?, ?, ?, ?, ?, ?, ?, ?)
Hibernate: 
    insert 
    into
        persons
        (address_colony, address_municipality, address_postal_code, address_state, address_street, first_name, gender, image_path, last_name, phone, registration_date, id) 
    values
        (?, ?, ?, ?, ?, ?, ?, ?, ?, ?, ?, ?)
Hibernate: 
    insert 
    into
        users
        (active, created_at, email, password_hash, person_id, role, student_id, id) 
    values
        (?, ?, ?, ?, ?, ?, ?, ?)
Hibernate: 
    select
        count(*) 
    from
        users uje1_0
Hibernate: 
    select
        count(*) 
    from
        users uje1_0
]]></system-out>
  </testcase>
  <testcase name="shouldFindUserByEmailCaseInsensitively" classname="User Repository Integration Tests" time="0.087">
    <system-out><![CDATA[Hibernate: 
    select
        uje1_0.id,
        uje1_0.active,
        uje1_0.created_at,
        uje1_0.email,
        uje1_0.password_hash,
        uje1_0.person_id,
        uje1_0.role,
        uje1_0.student_id 
    from
        users uje1_0
Hibernate: 
    select
        pje1_0.id,
        pje1_0.address_colony,
        pje1_0.address_municipality,
        pje1_0.address_postal_code,
        pje1_0.address_state,
        pje1_0.address_street,
        pje1_0.first_name,
        pje1_0.gender,
        pje1_0.image_path,
        pje1_0.last_name,
        pje1_0.phone,
        pje1_0.registration_date 
    from
        persons pje1_0
2025-11-22 22:59:53 [main] INFO  c.b.i.i.r.s.r.JpaPersonRepositoryAdapter - Saving Person ID PERSON-c2aa15ea-e4d5-4a1f-8990-2a5a448ff99d (Name: Juan Pérez).
Hibernate: 
    select
        pje1_0.id,
        pje1_0.address_colony,
        pje1_0.address_municipality,
        pje1_0.address_postal_code,
        pje1_0.address_state,
        pje1_0.address_street,
        pje1_0.first_name,
        pje1_0.gender,
        pje1_0.image_path,
        pje1_0.last_name,
        pje1_0.phone,
        pje1_0.registration_date 
    from
        persons pje1_0 
    where
        pje1_0.id=?
2025-11-22 22:59:53 [main] INFO  c.b.i.i.r.s.r.JpaUserRepositoryAdapter - Saving User ID USER-d197b721-e5a9-41cd-886e-d13a5335196a (Role: TEACHER, Email: test@example.com).
Hibernate: 
    select
        uje1_0.id,
        uje1_0.active,
        uje1_0.created_at,
        uje1_0.email,
        uje1_0.password_hash,
        uje1_0.person_id,
        uje1_0.role,
        uje1_0.student_id 
    from
        users uje1_0 
    where
        uje1_0.id=?
Hibernate: 
    insert 
    into
        persons
        (address_colony, address_municipality, address_postal_code, address_state, address_street, first_name, gender, image_path, last_name, phone, registration_date, id) 
    values
        (?, ?, ?, ?, ?, ?, ?, ?, ?, ?, ?, ?)
Hibernate: 
    insert 
    into
        users
        (active, created_at, email, password_hash, person_id, role, student_id, id) 
    values
        (?, ?, ?, ?, ?, ?, ?, ?)
Hibernate: 
    select
        uje1_0.id,
        uje1_0.active,
        uje1_0.created_at,
        uje1_0.email,
        uje1_0.password_hash,
        uje1_0.person_id,
        uje1_0.role,
        uje1_0.student_id 
    from
        users uje1_0 
    where
        uje1_0.email=?
]]></system-out>
  </testcase>
  <testcase name="shouldUpdateExistingUser" classname="User Repository Integration Tests" time="0.079">
    <system-out><![CDATA[Hibernate: 
    select
        uje1_0.id,
        uje1_0.active,
        uje1_0.created_at,
        uje1_0.email,
        uje1_0.password_hash,
        uje1_0.person_id,
        uje1_0.role,
        uje1_0.student_id 
    from
        users uje1_0
Hibernate: 
    select
        pje1_0.id,
        pje1_0.address_colony,
        pje1_0.address_municipality,
        pje1_0.address_postal_code,
        pje1_0.address_state,
        pje1_0.address_street,
        pje1_0.first_name,
        pje1_0.gender,
        pje1_0.image_path,
        pje1_0.last_name,
        pje1_0.phone,
        pje1_0.registration_date 
    from
        persons pje1_0
2025-11-22 22:59:53 [main] INFO  c.b.i.i.r.s.r.JpaPersonRepositoryAdapter - Saving Person ID PERSON-bc8b1d8f-0baf-406a-9fc3-87f79b64df99 (Name: Juan Pérez).
Hibernate: 
    select
        pje1_0.id,
        pje1_0.address_colony,
        pje1_0.address_municipality,
        pje1_0.address_postal_code,
        pje1_0.address_state,
        pje1_0.address_street,
        pje1_0.first_name,
        pje1_0.gender,
        pje1_0.image_path,
        pje1_0.last_name,
        pje1_0.phone,
        pje1_0.registration_date 
    from
        persons pje1_0 
    where
        pje1_0.id=?
2025-11-22 22:59:53 [main] INFO  c.b.i.i.r.s.r.JpaUserRepositoryAdapter - Saving User ID USER-6be79b9b-1f48-4de5-860f-4f5c975f7523 (Role: TEACHER, Email: test@example.com).
Hibernate: 
    select
        uje1_0.id,
        uje1_0.active,
        uje1_0.created_at,
        uje1_0.email,
        uje1_0.password_hash,
        uje1_0.person_id,
        uje1_0.role,
        uje1_0.student_id 
    from
        users uje1_0 
    where
        uje1_0.id=?
2025-11-22 22:59:53 [main] INFO  c.b.i.i.r.s.r.JpaUserRepositoryAdapter - Saving User ID USER-6be79b9b-1f48-4de5-860f-4f5c975f7523 (Role: TEACHER, Email: newemail@example.com).
]]></system-out>
  </testcase>
  <testcase name="shouldReturnTrueWhenEmailExists" classname="User Repository Integration Tests" time="0.087">
    <system-out><![CDATA[Hibernate: 
    select
        uje1_0.id,
        uje1_0.active,
        uje1_0.created_at,
        uje1_0.email,
        uje1_0.password_hash,
        uje1_0.person_id,
        uje1_0.role,
        uje1_0.student_id 
    from
        users uje1_0
Hibernate: 
    select
        pje1_0.id,
        pje1_0.address_colony,
        pje1_0.address_municipality,
        pje1_0.address_postal_code,
        pje1_0.address_state,
        pje1_0.address_street,
        pje1_0.first_name,
        pje1_0.gender,
        pje1_0.image_path,
        pje1_0.last_name,
        pje1_0.phone,
        pje1_0.registration_date 
    from
        persons pje1_0
2025-11-22 22:59:53 [main] INFO  c.b.i.i.r.s.r.JpaPersonRepositoryAdapter - Saving Person ID PERSON-edf2329b-cbe9-405d-86c6-5e369d597bfc (Name: Juan Pérez).
Hibernate: 
    select
        pje1_0.id,
        pje1_0.address_colony,
        pje1_0.address_municipality,
        pje1_0.address_postal_code,
        pje1_0.address_state,
        pje1_0.address_street,
        pje1_0.first_name,
        pje1_0.gender,
        pje1_0.image_path,
        pje1_0.last_name,
        pje1_0.phone,
        pje1_0.registration_date 
    from
        persons pje1_0 
    where
        pje1_0.id=?
2025-11-22 22:59:53 [main] INFO  c.b.i.i.r.s.r.JpaPersonRepositoryAdapter - Saving Person ID PERSON-7d29985e-3a08-4a2d-8ec2-cdfc0cfd813e (Name: Teacher User).
Hibernate: 
    select
        pje1_0.id,
        pje1_0.address_colony,
        pje1_0.address_municipality,
        pje1_0.address_postal_code,
        pje1_0.address_state,
        pje1_0.address_street,
        pje1_0.first_name,
        pje1_0.gender,
        pje1_0.image_path,
        pje1_0.last_name,
        pje1_0.phone,
        pje1_0.registration_date 
    from
        persons pje1_0 
    where
        pje1_0.id=?
2025-11-22 22:59:53 [main] INFO  c.b.i.i.r.s.r.JpaUserRepositoryAdapter - Saving User ID USER-e04f287c-cb67-41bf-b972-ebd1fd3bfb3c (Role: TEACHER, Email: exists@example.com).
Hibernate: 
    select
        uje1_0.id,
        uje1_0.active,
        uje1_0.created_at,
        uje1_0.email,
        uje1_0.password_hash,
        uje1_0.person_id,
        uje1_0.role,
        uje1_0.student_id 
    from
        users uje1_0 
    where
        uje1_0.id=?
Hibernate: 
    insert 
    into
        persons
        (address_colony, address_municipality, address_postal_code, address_state, address_street, first_name, gender, image_path, last_name, phone, registration_date, id) 
    values
        (?, ?, ?, ?, ?, ?, ?, ?, ?, ?, ?, ?)
Hibernate: 
    insert 
    into
        persons
        (address_colony, address_municipality, address_postal_code, address_state, address_street, first_name, gender, image_path, last_name, phone, registration_date, id) 
    values
        (?, ?, ?, ?, ?, ?, ?, ?, ?, ?, ?, ?)
Hibernate: 
    insert 
    into
        users
        (active, created_at, email, password_hash, person_id, role, student_id, id) 
    values
        (?, ?, ?, ?, ?, ?, ?, ?)
Hibernate: 
    select
        uje1_0.id 
    from
        users uje1_0 
    where
        uje1_0.email=? 
    fetch
        first ? rows only
]]></system-out>
  </testcase>
  <testcase name="shouldSaveAndRetrieveUserById" classname="User Repository Integration Tests" time="0.074">
    <system-out><![CDATA[Hibernate: 
    select
        uje1_0.id,
        uje1_0.active,
        uje1_0.created_at,
        uje1_0.email,
        uje1_0.password_hash,
        uje1_0.person_id,
        uje1_0.role,
        uje1_0.student_id 
    from
        users uje1_0
Hibernate: 
    select
        pje1_0.id,
        pje1_0.address_colony,
        pje1_0.address_municipality,
        pje1_0.address_postal_code,
        pje1_0.address_state,
        pje1_0.address_street,
        pje1_0.first_name,
        pje1_0.gender,
        pje1_0.image_path,
        pje1_0.last_name,
        pje1_0.phone,
        pje1_0.registration_date 
    from
        persons pje1_0
2025-11-22 22:59:53 [main] INFO  c.b.i.i.r.s.r.JpaPersonRepositoryAdapter - Saving Person ID PERSON-1571a6f4-65d5-4181-8902-fcc170b65b76 (Name: Juan Pérez).
Hibernate: 
    select
        pje1_0.id,
        pje1_0.address_colony,
        pje1_0.address_municipality,
        pje1_0.address_postal_code,
        pje1_0.address_state,
        pje1_0.address_street,
        pje1_0.first_name,
        pje1_0.gender,
        pje1_0.image_path,
        pje1_0.last_name,
        pje1_0.phone,
        pje1_0.registration_date 
    from
        persons pje1_0 
    where
        pje1_0.id=?
2025-11-22 22:59:53 [main] INFO  c.b.i.i.r.s.r.JpaUserRepositoryAdapter - Saving User ID USER-2685fbb3-66c8-44da-9f15-e51a8e7e8565 (Role: TEACHER, Email: test@example.com).
Hibernate: 
    select
        uje1_0.id,
        uje1_0.active,
        uje1_0.created_at,
        uje1_0.email,
        uje1_0.password_hash,
        uje1_0.person_id,
        uje1_0.role,
        uje1_0.student_id 
    from
        users uje1_0 
    where
        uje1_0.id=?
]]></system-out>
  </testcase>
  <testcase name="shouldReturnEmptyListWhenNoUsersOfRoleExist" classname="User Repository Integration Tests" time="0.09">
    <system-out><![CDATA[Hibernate: 
    select
        uje1_0.id,
        uje1_0.active,
        uje1_0.created_at,
        uje1_0.email,
        uje1_0.password_hash,
        uje1_0.person_id,
        uje1_0.role,
        uje1_0.student_id 
    from
        users uje1_0
Hibernate: 
    select
        pje1_0.id,
        pje1_0.address_colony,
        pje1_0.address_municipality,
        pje1_0.address_postal_code,
        pje1_0.address_state,
        pje1_0.address_street,
        pje1_0.first_name,
        pje1_0.gender,
        pje1_0.image_path,
        pje1_0.last_name,
        pje1_0.phone,
        pje1_0.registration_date 
    from
        persons pje1_0
2025-11-22 22:59:53 [main] INFO  c.b.i.i.r.s.r.JpaPersonRepositoryAdapter - Saving Person ID PERSON-a6483426-f834-4221-9d2f-fad51501b359 (Name: Juan Pérez).
Hibernate: 
    select
        pje1_0.id,
        pje1_0.address_colony,
        pje1_0.address_municipality,
        pje1_0.address_postal_code,
        pje1_0.address_state,
        pje1_0.address_street,
        pje1_0.first_name,
        pje1_0.gender,
        pje1_0.image_path,
        pje1_0.last_name,
        pje1_0.phone,
        pje1_0.registration_date 
    from
        persons pje1_0 
    where
        pje1_0.id=?
2025-11-22 22:59:53 [main] INFO  c.b.i.i.r.s.r.JpaPersonRepositoryAdapter - Saving Person ID PERSON-06f079f3-2b50-4657-8ae5-d42ddf1f91e7 (Name: Teacher User).
Hibernate: 
    select
        pje1_0.id,
        pje1_0.address_colony,
        pje1_0.address_municipality,
        pje1_0.address_postal_code,
        pje1_0.address_state,
        pje1_0.address_street,
        pje1_0.first_name,
        pje1_0.gender,
        pje1_0.image_path,
        pje1_0.last_name,
        pje1_0.phone,
        pje1_0.registration_date 
    from
        persons pje1_0 
    where
        pje1_0.id=?
2025-11-22 22:59:53 [main] INFO  c.b.i.i.r.s.r.JpaUserRepositoryAdapter - Saving User ID USER-97ce1acf-e7d0-4127-9caa-378912eccf07 (Role: TEACHER, Email: teacher@example.com).
Hibernate: 
    select
        uje1_0.id,
        uje1_0.active,
        uje1_0.created_at,
        uje1_0.email,
        uje1_0.password_hash,
        uje1_0.person_id,
        uje1_0.role,
        uje1_0.student_id 
    from
        users uje1_0 
    where
        uje1_0.id=?
Hibernate: 
    insert 
    into
        persons
        (address_colony, address_municipality, address_postal_code, address_state, address_street, first_name, gender, image_path, last_name, phone, registration_date, id) 
    values
        (?, ?, ?, ?, ?, ?, ?, ?, ?, ?, ?, ?)
Hibernate: 
    insert 
    into
        persons
        (address_colony, address_municipality, address_postal_code, address_state, address_street, first_name, gender, image_path, last_name, phone, registration_date, id) 
    values
        (?, ?, ?, ?, ?, ?, ?, ?, ?, ?, ?, ?)
Hibernate: 
    insert 
    into
        users
        (active, created_at, email, password_hash, person_id, role, student_id, id) 
    values
        (?, ?, ?, ?, ?, ?, ?, ?)
Hibernate: 
    select
        uje1_0.id,
        uje1_0.active,
        uje1_0.created_at,
        uje1_0.email,
        uje1_0.password_hash,
        uje1_0.person_id,
        uje1_0.role,
        uje1_0.student_id 
    from
        users uje1_0 
    where
        uje1_0.role=?
]]></system-out>
  </testcase>
  <testcase name="shouldFindUsersByRoleStudent" classname="User Repository Integration Tests" time="0.219">
    <system-out><![CDATA[Hibernate: 
    select
        uje1_0.id,
        uje1_0.active,
        uje1_0.created_at,
        uje1_0.email,
        uje1_0.password_hash,
        uje1_0.person_id,
        uje1_0.role,
        uje1_0.student_id 
    from
        users uje1_0
Hibernate: 
    select
        pje1_0.id,
        pje1_0.address_colony,
        pje1_0.address_municipality,
        pje1_0.address_postal_code,
        pje1_0.address_state,
        pje1_0.address_street,
        pje1_0.first_name,
        pje1_0.gender,
        pje1_0.image_path,
        pje1_0.last_name,
        pje1_0.phone,
        pje1_0.registration_date 
    from
        persons pje1_0
2025-11-22 22:59:53 [main] INFO  c.b.i.i.r.s.r.JpaPersonRepositoryAdapter - Saving Person ID PERSON-71e7de56-63ca-41de-8d9a-33e3f9d786cb (Name: Juan Pérez).
Hibernate: 
    select
        pje1_0.id,
        pje1_0.address_colony,
        pje1_0.address_municipality,
        pje1_0.address_postal_code,
        pje1_0.address_state,
        pje1_0.address_street,
        pje1_0.first_name,
        pje1_0.gender,
        pje1_0.image_path,
        pje1_0.last_name,
        pje1_0.phone,
        pje1_0.registration_date 
    from
        persons pje1_0 
    where
        pje1_0.id=?
2025-11-22 22:59:53 [main] INFO  c.b.i.i.r.s.r.JpaPersonRepositoryAdapter - Saving Person ID PERSON-db39f764-6707-42b6-bb6e-52d48563d58d (Name: Student User).
Hibernate: 
    select
        pje1_0.id,
        pje1_0.address_colony,
        pje1_0.address_municipality,
        pje1_0.address_postal_code,
        pje1_0.address_state,
        pje1_0.address_street,
        pje1_0.first_name,
        pje1_0.gender,
        pje1_0.image_path,
        pje1_0.last_name,
        pje1_0.phone,
        pje1_0.registration_date 
    from
        persons pje1_0 
    where
        pje1_0.id=?
2025-11-22 22:59:53 [main] INFO  c.b.i.i.r.s.r.JpaUserRepositoryAdapter - Saving User ID USER-5718ba17-bc25-428b-8dfe-eefa18dafd6b (Role: STUDENT, Email: student1@example.com).
Hibernate: 
    select
        uje1_0.id,
        uje1_0.active,
        uje1_0.created_at,
        uje1_0.email,
        uje1_0.password_hash,
        uje1_0.person_id,
        uje1_0.role,
        uje1_0.student_id 
    from
        users uje1_0 
    where
        uje1_0.id=?
2025-11-22 22:59:53 [main] INFO  c.b.i.i.r.s.r.JpaPersonRepositoryAdapter - Saving Person ID PERSON-92997137-c016-43de-9b44-ea679595e4d9 (Name: Student User).
Hibernate: 
    select
        pje1_0.id,
        pje1_0.address_colony,
        pje1_0.address_municipality,
        pje1_0.address_postal_code,
        pje1_0.address_state,
        pje1_0.address_street,
        pje1_0.first_name,
        pje1_0.gender,
        pje1_0.image_path,
        pje1_0.last_name,
        pje1_0.phone,
        pje1_0.registration_date 
    from
        persons pje1_0 
    where
        pje1_0.id=?
2025-11-22 22:59:53 [main] INFO  c.b.i.i.r.s.r.JpaUserRepositoryAdapter - Saving User ID USER-d35a3ae7-786c-4609-824f-58dce27acdda (Role: STUDENT, Email: student2@example.com).
Hibernate: 
    select
        uje1_0.id,
        uje1_0.active,
        uje1_0.created_at,
        uje1_0.email,
        uje1_0.password_hash,
        uje1_0.person_id,
        uje1_0.role,
        uje1_0.student_id 
    from
        users uje1_0 
    where
        uje1_0.id=?
2025-11-22 22:59:53 [main] INFO  c.b.i.i.r.s.r.JpaPersonRepositoryAdapter - Saving Person ID PERSON-fbd85d53-edfa-4461-94cd-32cf6a509d60 (Name: Teacher User).
Hibernate: 
    select
        pje1_0.id,
        pje1_0.address_colony,
        pje1_0.address_municipality,
        pje1_0.address_postal_code,
        pje1_0.address_state,
        pje1_0.address_street,
        pje1_0.first_name,
        pje1_0.gender,
        pje1_0.image_path,
        pje1_0.last_name,
        pje1_0.phone,
        pje1_0.registration_date 
    from
        persons pje1_0 
    where
        pje1_0.id=?
2025-11-22 22:59:53 [main] INFO  c.b.i.i.r.s.r.JpaUserRepositoryAdapter - Saving User ID USER-40910b4c-ecdf-4f61-9c9d-e8c5af1c0e84 (Role: TEACHER, Email: teacher@example.com).
Hibernate: 
    select
        uje1_0.id,
        uje1_0.active,
        uje1_0.created_at,
        uje1_0.email,
        uje1_0.password_hash,
        uje1_0.person_id,
        uje1_0.role,
        uje1_0.student_id 
    from
        users uje1_0 
    where
        uje1_0.id=?
Hibernate: 
    insert 
    into
        persons
        (address_colony, address_municipality, address_postal_code, address_state, address_street, first_name, gender, image_path, last_name, phone, registration_date, id) 
    values
        (?, ?, ?, ?, ?, ?, ?, ?, ?, ?, ?, ?)
Hibernate: 
    insert 
    into
        persons
        (address_colony, address_municipality, address_postal_code, address_state, address_street, first_name, gender, image_path, last_name, phone, registration_date, id) 
    values
        (?, ?, ?, ?, ?, ?, ?, ?, ?, ?, ?, ?)
Hibernate: 
    insert 
    into
        persons
        (address_colony, address_municipality, address_postal_code, address_state, address_street, first_name, gender, image_path, last_name, phone, registration_date, id) 
    values
        (?, ?, ?, ?, ?, ?, ?, ?, ?, ?, ?, ?)
Hibernate: 
    insert 
    into
        persons
        (address_colony, address_municipality, address_postal_code, address_state, address_street, first_name, gender, image_path, last_name, phone, registration_date, id) 
    values
        (?, ?, ?, ?, ?, ?, ?, ?, ?, ?, ?, ?)
Hibernate: 
    insert 
    into
        users
        (active, created_at, email, password_hash, person_id, role, student_id, id) 
    values
        (?, ?, ?, ?, ?, ?, ?, ?)
Hibernate: 
    insert 
    into
        users
        (active, created_at, email, password_hash, person_id, role, student_id, id) 
    values
        (?, ?, ?, ?, ?, ?, ?, ?)
Hibernate: 
    insert 
    into
        users
        (active, created_at, email, password_hash, person_id, role, student_id, id) 
    values
        (?, ?, ?, ?, ?, ?, ?, ?)
Hibernate: 
    select
        uje1_0.id,
        uje1_0.active,
        uje1_0.created_at,
        uje1_0.email,
        uje1_0.password_hash,
        uje1_0.person_id,
        uje1_0.role,
        uje1_0.student_id 
    from
        users uje1_0 
    where
        uje1_0.role=?
]]></system-out>
  </testcase>
  <testcase name="shouldPersistCreationTimestamp" classname="User Repository Integration Tests" time="0.079">
    <system-out><![CDATA[Hibernate: 
    select
        uje1_0.id,
        uje1_0.active,
        uje1_0.created_at,
        uje1_0.email,
        uje1_0.password_hash,
        uje1_0.person_id,
        uje1_0.role,
        uje1_0.student_id 
    from
        users uje1_0
Hibernate: 
    select
        pje1_0.id,
        pje1_0.address_colony,
        pje1_0.address_municipality,
        pje1_0.address_postal_code,
        pje1_0.address_state,
        pje1_0.address_street,
        pje1_0.first_name,
        pje1_0.gender,
        pje1_0.image_path,
        pje1_0.last_name,
        pje1_0.phone,
        pje1_0.registration_date 
    from
        persons pje1_0
2025-11-22 22:59:53 [main] INFO  c.b.i.i.r.s.r.JpaPersonRepositoryAdapter - Saving Person ID PERSON-924e1c15-70b6-4548-a30a-e48bb596aef0 (Name: Juan Pérez).
Hibernate: 
    select
        pje1_0.id,
        pje1_0.address_colony,
        pje1_0.address_municipality,
        pje1_0.address_postal_code,
        pje1_0.address_state,
        pje1_0.address_street,
        pje1_0.first_name,
        pje1_0.gender,
        pje1_0.image_path,
        pje1_0.last_name,
        pje1_0.phone,
        pje1_0.registration_date 
    from
        persons pje1_0 
    where
        pje1_0.id=?
2025-11-22 22:59:53 [main] INFO  c.b.i.i.r.s.r.JpaPersonRepositoryAdapter - Saving Person ID PERSON-d8d436f4-88e0-4448-b9a6-356b5a920d58 (Name: Teacher User).
Hibernate: 
    select
        pje1_0.id,
        pje1_0.address_colony,
        pje1_0.address_municipality,
        pje1_0.address_postal_code,
        pje1_0.address_state,
        pje1_0.address_street,
        pje1_0.first_name,
        pje1_0.gender,
        pje1_0.image_path,
        pje1_0.last_name,
        pje1_0.phone,
        pje1_0.registration_date 
    from
        persons pje1_0 
    where
        pje1_0.id=?
2025-11-22 22:59:53 [main] INFO  c.b.i.i.r.s.r.JpaUserRepositoryAdapter - Saving User ID USER-9b17423a-1531-425e-b267-593f890e6801 (Role: TEACHER, Email: test@example.com).
Hibernate: 
    select
        uje1_0.id,
        uje1_0.active,
        uje1_0.created_at,
        uje1_0.email,
        uje1_0.password_hash,
        uje1_0.person_id,
        uje1_0.role,
        uje1_0.student_id 
    from
        users uje1_0 
    where
        uje1_0.id=?
]]></system-out>
  </testcase>
  <testcase name="shouldFindUserByPersonId" classname="User Repository Integration Tests" time="0.086">
    <system-out><![CDATA[Hibernate: 
    select
        uje1_0.id,
        uje1_0.active,
        uje1_0.created_at,
        uje1_0.email,
        uje1_0.password_hash,
        uje1_0.person_id,
        uje1_0.role,
        uje1_0.student_id 
    from
        users uje1_0
Hibernate: 
    select
        pje1_0.id,
        pje1_0.address_colony,
        pje1_0.address_municipality,
        pje1_0.address_postal_code,
        pje1_0.address_state,
        pje1_0.address_street,
        pje1_0.first_name,
        pje1_0.gender,
        pje1_0.image_path,
        pje1_0.last_name,
        pje1_0.phone,
        pje1_0.registration_date 
    from
        persons pje1_0
2025-11-22 22:59:53 [main] INFO  c.b.i.i.r.s.r.JpaPersonRepositoryAdapter - Saving Person ID PERSON-98e95487-c624-433b-9717-732c71eba082 (Name: Juan Pérez).
Hibernate: 
    select
        pje1_0.id,
        pje1_0.address_colony,
        pje1_0.address_municipality,
        pje1_0.address_postal_code,
        pje1_0.address_state,
        pje1_0.address_street,
        pje1_0.first_name,
        pje1_0.gender,
        pje1_0.image_path,
        pje1_0.last_name,
        pje1_0.phone,
        pje1_0.registration_date 
    from
        persons pje1_0 
    where
        pje1_0.id=?
2025-11-22 22:59:53 [main] INFO  c.b.i.i.r.s.r.JpaUserRepositoryAdapter - Saving User ID USER-97049b0a-8be4-4528-846b-0c208a214035 (Role: TEACHER, Email: test@example.com).
Hibernate: 
    select
        uje1_0.id,
        uje1_0.active,
        uje1_0.created_at,
        uje1_0.email,
        uje1_0.password_hash,
        uje1_0.person_id,
        uje1_0.role,
        uje1_0.student_id 
    from
        users uje1_0 
    where
        uje1_0.id=?
Hibernate: 
    insert 
    into
        persons
        (address_colony, address_municipality, address_postal_code, address_state, address_street, first_name, gender, image_path, last_name, phone, registration_date, id) 
    values
        (?, ?, ?, ?, ?, ?, ?, ?, ?, ?, ?, ?)
Hibernate: 
    insert 
    into
        users
        (active, created_at, email, password_hash, person_id, role, student_id, id) 
    values
        (?, ?, ?, ?, ?, ?, ?, ?)
Hibernate: 
    select
        uje1_0.id,
        uje1_0.active,
        uje1_0.created_at,
        uje1_0.email,
        uje1_0.password_hash,
        uje1_0.person_id,
        uje1_0.role,
        uje1_0.student_id 
    from
        users uje1_0 
    where
        uje1_0.person_id=?
]]></system-out>
  </testcase>
  <testcase name="shouldFindUserByEmail" classname="User Repository Integration Tests" time="0.087">
    <system-out><![CDATA[Hibernate: 
    select
        uje1_0.id,
        uje1_0.active,
        uje1_0.created_at,
        uje1_0.email,
        uje1_0.password_hash,
        uje1_0.person_id,
        uje1_0.role,
        uje1_0.student_id 
    from
        users uje1_0
Hibernate: 
    select
        pje1_0.id,
        pje1_0.address_colony,
        pje1_0.address_municipality,
        pje1_0.address_postal_code,
        pje1_0.address_state,
        pje1_0.address_street,
        pje1_0.first_name,
        pje1_0.gender,
        pje1_0.image_path,
        pje1_0.last_name,
        pje1_0.phone,
        pje1_0.registration_date 
    from
        persons pje1_0
2025-11-22 22:59:53 [main] INFO  c.b.i.i.r.s.r.JpaPersonRepositoryAdapter - Saving Person ID PERSON-683952d7-d361-4e36-996c-201e631a04dc (Name: Juan Pérez).
Hibernate: 
    select
        pje1_0.id,
        pje1_0.address_colony,
        pje1_0.address_municipality,
        pje1_0.address_postal_code,
        pje1_0.address_state,
        pje1_0.address_street,
        pje1_0.first_name,
        pje1_0.gender,
        pje1_0.image_path,
        pje1_0.last_name,
        pje1_0.phone,
        pje1_0.registration_date 
    from
        persons pje1_0 
    where
        pje1_0.id=?
2025-11-22 22:59:53 [main] INFO  c.b.i.i.r.s.r.JpaUserRepositoryAdapter - Saving User ID USER-c79160c3-0925-4691-991e-c958e0cdaca7 (Role: TEACHER, Email: findme@example.com).
Hibernate: 
    select
        uje1_0.id,
        uje1_0.active,
        uje1_0.created_at,
        uje1_0.email,
        uje1_0.password_hash,
        uje1_0.person_id,
        uje1_0.role,
        uje1_0.student_id 
    from
        users uje1_0 
    where
        uje1_0.id=?
Hibernate: 
    insert 
    into
        persons
        (address_colony, address_municipality, address_postal_code, address_state, address_street, first_name, gender, image_path, last_name, phone, registration_date, id) 
    values
        (?, ?, ?, ?, ?, ?, ?, ?, ?, ?, ?, ?)
Hibernate: 
    insert 
    into
        users
        (active, created_at, email, password_hash, person_id, role, student_id, id) 
    values
        (?, ?, ?, ?, ?, ?, ?, ?)
Hibernate: 
    select
        uje1_0.id,
        uje1_0.active,
        uje1_0.created_at,
        uje1_0.email,
        uje1_0.password_hash,
        uje1_0.person_id,
        uje1_0.role,
        uje1_0.student_id 
    from
        users uje1_0 
    where
        uje1_0.email=?
]]></system-out>
  </testcase>
  <testcase name="shouldNotDeleteAssociatedPersonWhenDeletingUser" classname="User Repository Integration Tests" time="0.08">
    <system-out><![CDATA[Hibernate: 
    select
        uje1_0.id,
        uje1_0.active,
        uje1_0.created_at,
        uje1_0.email,
        uje1_0.password_hash,
        uje1_0.person_id,
        uje1_0.role,
        uje1_0.student_id 
    from
        users uje1_0
Hibernate: 
    select
        pje1_0.id,
        pje1_0.address_colony,
        pje1_0.address_municipality,
        pje1_0.address_postal_code,
        pje1_0.address_state,
        pje1_0.address_street,
        pje1_0.first_name,
        pje1_0.gender,
        pje1_0.image_path,
        pje1_0.last_name,
        pje1_0.phone,
        pje1_0.registration_date 
    from
        persons pje1_0
2025-11-22 22:59:53 [main] INFO  c.b.i.i.r.s.r.JpaPersonRepositoryAdapter - Saving Person ID PERSON-7b622ba9-c274-4b64-98cc-4da3928e913b (Name: Juan Pérez).
Hibernate: 
    select
        pje1_0.id,
        pje1_0.address_colony,
        pje1_0.address_municipality,
        pje1_0.address_postal_code,
        pje1_0.address_state,
        pje1_0.address_street,
        pje1_0.first_name,
        pje1_0.gender,
        pje1_0.image_path,
        pje1_0.last_name,
        pje1_0.phone,
        pje1_0.registration_date 
    from
        persons pje1_0 
    where
        pje1_0.id=?
2025-11-22 22:59:53 [main] INFO  c.b.i.i.r.s.r.JpaPersonRepositoryAdapter - Saving Person ID PERSON-53b7ab18-1d85-4d98-a681-1af2e686fe68 (Name: Teacher User).
Hibernate: 
    select
        pje1_0.id,
        pje1_0.address_colony,
        pje1_0.address_municipality,
        pje1_0.address_postal_code,
        pje1_0.address_state,
        pje1_0.address_street,
        pje1_0.first_name,
        pje1_0.gender,
        pje1_0.image_path,
        pje1_0.last_name,
        pje1_0.phone,
        pje1_0.registration_date 
    from
        persons pje1_0 
    where
        pje1_0.id=?
2025-11-22 22:59:53 [main] INFO  c.b.i.i.r.s.r.JpaUserRepositoryAdapter - Saving User ID USER-27fa661e-ae0d-42d5-8a8a-eccf364de6d3 (Role: TEACHER, Email: test@example.com).
Hibernate: 
    select
        uje1_0.id,
        uje1_0.active,
        uje1_0.created_at,
        uje1_0.email,
        uje1_0.password_hash,
        uje1_0.person_id,
        uje1_0.role,
        uje1_0.student_id 
    from
        users uje1_0 
    where
        uje1_0.id=?
2025-11-22 22:59:53 [main] WARN  c.b.i.i.r.s.r.JpaUserRepositoryAdapter - Deleting User ID: USER-27fa661e-ae0d-42d5-8a8a-eccf364de6d3
2025-11-22 22:59:53 [main] INFO  c.b.i.i.r.s.r.JpaUserRepositoryAdapter - User ID USER-27fa661e-ae0d-42d5-8a8a-eccf364de6d3 deleted successfully.
]]></system-out>
  </testcase>
  <testcase name="shouldFindOnlyActiveUsers" classname="User Repository Integration Tests" time="0.222">
    <system-out><![CDATA[Hibernate: 
    select
        uje1_0.id,
        uje1_0.active,
        uje1_0.created_at,
        uje1_0.email,
        uje1_0.password_hash,
        uje1_0.person_id,
        uje1_0.role,
        uje1_0.student_id 
    from
        users uje1_0
Hibernate: 
    select
        pje1_0.id,
        pje1_0.address_colony,
        pje1_0.address_municipality,
        pje1_0.address_postal_code,
        pje1_0.address_state,
        pje1_0.address_street,
        pje1_0.first_name,
        pje1_0.gender,
        pje1_0.image_path,
        pje1_0.last_name,
        pje1_0.phone,
        pje1_0.registration_date 
    from
        persons pje1_0
2025-11-22 22:59:54 [main] INFO  c.b.i.i.r.s.r.JpaPersonRepositoryAdapter - Saving Person ID PERSON-3f7dc58e-6e8f-4ea5-9e26-53541623faa8 (Name: Juan Pérez).
Hibernate: 
    select
        pje1_0.id,
        pje1_0.address_colony,
        pje1_0.address_municipality,
        pje1_0.address_postal_code,
        pje1_0.address_state,
        pje1_0.address_street,
        pje1_0.first_name,
        pje1_0.gender,
        pje1_0.image_path,
        pje1_0.last_name,
        pje1_0.phone,
        pje1_0.registration_date 
    from
        persons pje1_0 
    where
        pje1_0.id=?
2025-11-22 22:59:54 [main] INFO  c.b.i.i.r.s.r.JpaPersonRepositoryAdapter - Saving Person ID PERSON-6dc4e8f6-fcaf-4c2f-b2f2-e29d791cb02a (Name: Teacher User).
Hibernate: 
    select
        pje1_0.id,
        pje1_0.address_colony,
        pje1_0.address_municipality,
        pje1_0.address_postal_code,
        pje1_0.address_state,
        pje1_0.address_street,
        pje1_0.first_name,
        pje1_0.gender,
        pje1_0.image_path,
        pje1_0.last_name,
        pje1_0.phone,
        pje1_0.registration_date 
    from
        persons pje1_0 
    where
        pje1_0.id=?
2025-11-22 22:59:54 [main] INFO  c.b.i.i.r.s.r.JpaUserRepositoryAdapter - Saving User ID USER-858f1f95-544c-4cf7-9539-9b76df24ea4b (Role: TEACHER, Email: active1@example.com).
Hibernate: 
    select
        uje1_0.id,
        uje1_0.active,
        uje1_0.created_at,
        uje1_0.email,
        uje1_0.password_hash,
        uje1_0.person_id,
        uje1_0.role,
        uje1_0.student_id 
    from
        users uje1_0 
    where
        uje1_0.id=?
2025-11-22 22:59:54 [main] INFO  c.b.i.i.r.s.r.JpaPersonRepositoryAdapter - Saving Person ID PERSON-69331d5c-1aa1-4dfd-8cf3-b39de0da299a (Name: Student User).
Hibernate: 
    select
        pje1_0.id,
        pje1_0.address_colony,
        pje1_0.address_municipality,
        pje1_0.address_postal_code,
        pje1_0.address_state,
        pje1_0.address_street,
        pje1_0.first_name,
        pje1_0.gender,
        pje1_0.image_path,
        pje1_0.last_name,
        pje1_0.phone,
        pje1_0.registration_date 
    from
        persons pje1_0 
    where
        pje1_0.id=?
2025-11-22 22:59:54 [main] INFO  c.b.i.i.r.s.r.JpaUserRepositoryAdapter - Saving User ID USER-803ee847-3c9d-44af-8c5e-1a9dd593cc32 (Role: STUDENT, Email: active2@example.com).
Hibernate: 
    select
        uje1_0.id,
        uje1_0.active,
        uje1_0.created_at,
        uje1_0.email,
        uje1_0.password_hash,
        uje1_0.person_id,
        uje1_0.role,
        uje1_0.student_id 
    from
        users uje1_0 
    where
        uje1_0.id=?
2025-11-22 22:59:54 [main] INFO  c.b.i.i.r.s.r.JpaPersonRepositoryAdapter - Saving Person ID PERSON-3e59957c-3351-406e-a3c3-bba2bffa646a (Name: Teacher User).
Hibernate: 
    select
        pje1_0.id,
        pje1_0.address_colony,
        pje1_0.address_municipality,
        pje1_0.address_postal_code,
        pje1_0.address_state,
        pje1_0.address_street,
        pje1_0.first_name,
        pje1_0.gender,
        pje1_0.image_path,
        pje1_0.last_name,
        pje1_0.phone,
        pje1_0.registration_date 
    from
        persons pje1_0 
    where
        pje1_0.id=?
2025-11-22 22:59:54 [main] INFO  c.b.i.i.r.s.r.JpaUserRepositoryAdapter - Saving User ID USER-47ddd524-41ce-4769-957f-c12567c2f2e5 (Role: TEACHER, Email: inactive@example.com).
Hibernate: 
    select
        uje1_0.id,
        uje1_0.active,
        uje1_0.created_at,
        uje1_0.email,
        uje1_0.password_hash,
        uje1_0.person_id,
        uje1_0.role,
        uje1_0.student_id 
    from
        users uje1_0 
    where
        uje1_0.id=?
2025-11-22 22:59:54 [main] INFO  c.b.i.i.r.s.r.JpaUserRepositoryAdapter - Saving User ID USER-47ddd524-41ce-4769-957f-c12567c2f2e5 (Role: TEACHER, Email: inactive@example.com).
Hibernate: 
    insert 
    into
        persons
        (address_colony, address_municipality, address_postal_code, address_state, address_street, first_name, gender, image_path, last_name, phone, registration_date, id) 
    values
        (?, ?, ?, ?, ?, ?, ?, ?, ?, ?, ?, ?)
Hibernate: 
    insert 
    into
        persons
        (address_colony, address_municipality, address_postal_code, address_state, address_street, first_name, gender, image_path, last_name, phone, registration_date, id) 
    values
        (?, ?, ?, ?, ?, ?, ?, ?, ?, ?, ?, ?)
Hibernate: 
    insert 
    into
        persons
        (address_colony, address_municipality, address_postal_code, address_state, address_street, first_name, gender, image_path, last_name, phone, registration_date, id) 
    values
        (?, ?, ?, ?, ?, ?, ?, ?, ?, ?, ?, ?)
Hibernate: 
    insert 
    into
        persons
        (address_colony, address_municipality, address_postal_code, address_state, address_street, first_name, gender, image_path, last_name, phone, registration_date, id) 
    values
        (?, ?, ?, ?, ?, ?, ?, ?, ?, ?, ?, ?)
Hibernate: 
    insert 
    into
        users
        (active, created_at, email, password_hash, person_id, role, student_id, id) 
    values
        (?, ?, ?, ?, ?, ?, ?, ?)
Hibernate: 
    insert 
    into
        users
        (active, created_at, email, password_hash, person_id, role, student_id, id) 
    values
        (?, ?, ?, ?, ?, ?, ?, ?)
Hibernate: 
    insert 
    into
        users
        (active, created_at, email, password_hash, person_id, role, student_id, id) 
    values
        (?, ?, ?, ?, ?, ?, ?, ?)
Hibernate: 
    update
        users 
    set
        active=?,
        created_at=?,
        email=?,
        password_hash=?,
        person_id=?,
        role=?,
        student_id=? 
    where
        id=?
Hibernate: 
    select
        uje1_0.id,
        uje1_0.active,
        uje1_0.created_at,
        uje1_0.email,
        uje1_0.password_hash,
        uje1_0.person_id,
        uje1_0.role,
        uje1_0.student_id 
    from
        users uje1_0 
    where
        uje1_0.active
]]></system-out>
  </testcase>
  <testcase name="shouldSaveStudentUserWithStudentId" classname="User Repository Integration Tests" time="0.076">
    <system-out><![CDATA[Hibernate: 
    select
        uje1_0.id,
        uje1_0.active,
        uje1_0.created_at,
        uje1_0.email,
        uje1_0.password_hash,
        uje1_0.person_id,
        uje1_0.role,
        uje1_0.student_id 
    from
        users uje1_0
Hibernate: 
    select
        pje1_0.id,
        pje1_0.address_colony,
        pje1_0.address_municipality,
        pje1_0.address_postal_code,
        pje1_0.address_state,
        pje1_0.address_street,
        pje1_0.first_name,
        pje1_0.gender,
        pje1_0.image_path,
        pje1_0.last_name,
        pje1_0.phone,
        pje1_0.registration_date 
    from
        persons pje1_0
2025-11-22 22:59:54 [main] INFO  c.b.i.i.r.s.r.JpaPersonRepositoryAdapter - Saving Person ID PERSON-dc894f17-58b7-4278-835b-1594c7df4ce3 (Name: Juan Pérez).
Hibernate: 
    select
        pje1_0.id,
        pje1_0.address_colony,
        pje1_0.address_municipality,
        pje1_0.address_postal_code,
        pje1_0.address_state,
        pje1_0.address_street,
        pje1_0.first_name,
        pje1_0.gender,
        pje1_0.image_path,
        pje1_0.last_name,
        pje1_0.phone,
        pje1_0.registration_date 
    from
        persons pje1_0 
    where
        pje1_0.id=?
2025-11-22 22:59:54 [main] INFO  c.b.i.i.r.s.r.JpaUserRepositoryAdapter - Saving User ID USER-ca6e8c23-9113-4bf8-b652-9ef6b95843c0 (Role: STUDENT, Email: student@example.com).
Hibernate: 
    select
        uje1_0.id,
        uje1_0.active,
        uje1_0.created_at,
        uje1_0.email,
        uje1_0.password_hash,
        uje1_0.person_id,
        uje1_0.role,
        uje1_0.student_id 
    from
        users uje1_0 
    where
        uje1_0.id=?
]]></system-out>
  </testcase>
  <testcase name="shouldPersistActiveStatus" classname="User Repository Integration Tests" time="0.077">
    <system-out><![CDATA[Hibernate: 
    select
        uje1_0.id,
        uje1_0.active,
        uje1_0.created_at,
        uje1_0.email,
        uje1_0.password_hash,
        uje1_0.person_id,
        uje1_0.role,
        uje1_0.student_id 
    from
        users uje1_0
Hibernate: 
    select
        pje1_0.id,
        pje1_0.address_colony,
        pje1_0.address_municipality,
        pje1_0.address_postal_code,
        pje1_0.address_state,
        pje1_0.address_street,
        pje1_0.first_name,
        pje1_0.gender,
        pje1_0.image_path,
        pje1_0.last_name,
        pje1_0.phone,
        pje1_0.registration_date 
    from
        persons pje1_0
2025-11-22 22:59:54 [main] INFO  c.b.i.i.r.s.r.JpaPersonRepositoryAdapter - Saving Person ID PERSON-23632261-f223-4bbd-b589-d5d1a8432640 (Name: Juan Pérez).
Hibernate: 
    select
        pje1_0.id,
        pje1_0.address_colony,
        pje1_0.address_municipality,
        pje1_0.address_postal_code,
        pje1_0.address_state,
        pje1_0.address_street,
        pje1_0.first_name,
        pje1_0.gender,
        pje1_0.image_path,
        pje1_0.last_name,
        pje1_0.phone,
        pje1_0.registration_date 
    from
        persons pje1_0 
    where
        pje1_0.id=?
2025-11-22 22:59:54 [main] INFO  c.b.i.i.r.s.r.JpaPersonRepositoryAdapter - Saving Person ID PERSON-197d5bbe-941c-4878-95a2-1ae332811b96 (Name: Teacher User).
Hibernate: 
    select
        pje1_0.id,
        pje1_0.address_colony,
        pje1_0.address_municipality,
        pje1_0.address_postal_code,
        pje1_0.address_state,
        pje1_0.address_street,
        pje1_0.first_name,
        pje1_0.gender,
        pje1_0.image_path,
        pje1_0.last_name,
        pje1_0.phone,
        pje1_0.registration_date 
    from
        persons pje1_0 
    where
        pje1_0.id=?
2025-11-22 22:59:54 [main] INFO  c.b.i.i.r.s.r.JpaUserRepositoryAdapter - Saving User ID USER-69cb88fb-5252-4bee-b312-e5b4b666304f (Role: TEACHER, Email: test@example.com).
Hibernate: 
    select
        uje1_0.id,
        uje1_0.active,
        uje1_0.created_at,
        uje1_0.email,
        uje1_0.password_hash,
        uje1_0.person_id,
        uje1_0.role,
        uje1_0.student_id 
    from
        users uje1_0 
    where
        uje1_0.id=?
]]></system-out>
  </testcase>
  <testcase name="shouldDeleteUser" classname="User Repository Integration Tests" time="0.075">
    <system-out><![CDATA[Hibernate: 
    select
        uje1_0.id,
        uje1_0.active,
        uje1_0.created_at,
        uje1_0.email,
        uje1_0.password_hash,
        uje1_0.person_id,
        uje1_0.role,
        uje1_0.student_id 
    from
        users uje1_0
Hibernate: 
    select
        pje1_0.id,
        pje1_0.address_colony,
        pje1_0.address_municipality,
        pje1_0.address_postal_code,
        pje1_0.address_state,
        pje1_0.address_street,
        pje1_0.first_name,
        pje1_0.gender,
        pje1_0.image_path,
        pje1_0.last_name,
        pje1_0.phone,
        pje1_0.registration_date 
    from
        persons pje1_0
2025-11-22 22:59:54 [main] INFO  c.b.i.i.r.s.r.JpaPersonRepositoryAdapter - Saving Person ID PERSON-2836ca36-ccc0-437d-8699-94093af1ccb7 (Name: Juan Pérez).
Hibernate: 
    select
        pje1_0.id,
        pje1_0.address_colony,
        pje1_0.address_municipality,
        pje1_0.address_postal_code,
        pje1_0.address_state,
        pje1_0.address_street,
        pje1_0.first_name,
        pje1_0.gender,
        pje1_0.image_path,
        pje1_0.last_name,
        pje1_0.phone,
        pje1_0.registration_date 
    from
        persons pje1_0 
    where
        pje1_0.id=?
2025-11-22 22:59:54 [main] INFO  c.b.i.i.r.s.r.JpaPersonRepositoryAdapter - Saving Person ID PERSON-7d72beb1-da01-4f4b-972e-b916dd61a6b2 (Name: Teacher User).
Hibernate: 
    select
        pje1_0.id,
        pje1_0.address_colony,
        pje1_0.address_municipality,
        pje1_0.address_postal_code,
        pje1_0.address_state,
        pje1_0.address_street,
        pje1_0.first_name,
        pje1_0.gender,
        pje1_0.image_path,
        pje1_0.last_name,
        pje1_0.phone,
        pje1_0.registration_date 
    from
        persons pje1_0 
    where
        pje1_0.id=?
2025-11-22 22:59:54 [main] INFO  c.b.i.i.r.s.r.JpaUserRepositoryAdapter - Saving User ID USER-35d50efd-547b-4337-b1ea-d17c3e76f56a (Role: TEACHER, Email: delete@example.com).
Hibernate: 
    select
        uje1_0.id,
        uje1_0.active,
        uje1_0.created_at,
        uje1_0.email,
        uje1_0.password_hash,
        uje1_0.person_id,
        uje1_0.role,
        uje1_0.student_id 
    from
        users uje1_0 
    where
        uje1_0.id=?
2025-11-22 22:59:54 [main] WARN  c.b.i.i.r.s.r.JpaUserRepositoryAdapter - Deleting User ID: USER-35d50efd-547b-4337-b1ea-d17c3e76f56a
2025-11-22 22:59:54 [main] INFO  c.b.i.i.r.s.r.JpaUserRepositoryAdapter - User ID USER-35d50efd-547b-4337-b1ea-d17c3e76f56a deleted successfully.
]]></system-out>
  </testcase>
  <testcase name="shouldFindUsersByRoleTeacher" classname="User Repository Integration Tests" time="0.21">
    <system-out><![CDATA[Hibernate: 
    select
        uje1_0.id,
        uje1_0.active,
        uje1_0.created_at,
        uje1_0.email,
        uje1_0.password_hash,
        uje1_0.person_id,
        uje1_0.role,
        uje1_0.student_id 
    from
        users uje1_0
Hibernate: 
    select
        pje1_0.id,
        pje1_0.address_colony,
        pje1_0.address_municipality,
        pje1_0.address_postal_code,
        pje1_0.address_state,
        pje1_0.address_street,
        pje1_0.first_name,
        pje1_0.gender,
        pje1_0.image_path,
        pje1_0.last_name,
        pje1_0.phone,
        pje1_0.registration_date 
    from
        persons pje1_0
2025-11-22 22:59:54 [main] INFO  c.b.i.i.r.s.r.JpaPersonRepositoryAdapter - Saving Person ID PERSON-e8acf34d-49f7-4d15-92ed-aac1d4d54336 (Name: Juan Pérez).
Hibernate: 
    select
        pje1_0.id,
        pje1_0.address_colony,
        pje1_0.address_municipality,
        pje1_0.address_postal_code,
        pje1_0.address_state,
        pje1_0.address_street,
        pje1_0.first_name,
        pje1_0.gender,
        pje1_0.image_path,
        pje1_0.last_name,
        pje1_0.phone,
        pje1_0.registration_date 
    from
        persons pje1_0 
    where
        pje1_0.id=?
2025-11-22 22:59:54 [main] INFO  c.b.i.i.r.s.r.JpaPersonRepositoryAdapter - Saving Person ID PERSON-64ca349b-c995-49de-88df-3210e02ea6a5 (Name: Teacher User).
Hibernate: 
    select
        pje1_0.id,
        pje1_0.address_colony,
        pje1_0.address_municipality,
        pje1_0.address_postal_code,
        pje1_0.address_state,
        pje1_0.address_street,
        pje1_0.first_name,
        pje1_0.gender,
        pje1_0.image_path,
        pje1_0.last_name,
        pje1_0.phone,
        pje1_0.registration_date 
    from
        persons pje1_0 
    where
        pje1_0.id=?
2025-11-22 22:59:54 [main] INFO  c.b.i.i.r.s.r.JpaUserRepositoryAdapter - Saving User ID USER-c1317907-f247-4d4e-8751-8b7b3d9c3930 (Role: TEACHER, Email: teacher1@example.com).
Hibernate: 
    select
        uje1_0.id,
        uje1_0.active,
        uje1_0.created_at,
        uje1_0.email,
        uje1_0.password_hash,
        uje1_0.person_id,
        uje1_0.role,
        uje1_0.student_id 
    from
        users uje1_0 
    where
        uje1_0.id=?
2025-11-22 22:59:54 [main] INFO  c.b.i.i.r.s.r.JpaPersonRepositoryAdapter - Saving Person ID PERSON-5b205f6d-5358-4eeb-a0dc-78a03ba19785 (Name: Teacher User).
Hibernate: 
    select
        pje1_0.id,
        pje1_0.address_colony,
        pje1_0.address_municipality,
        pje1_0.address_postal_code,
        pje1_0.address_state,
        pje1_0.address_street,
        pje1_0.first_name,
        pje1_0.gender,
        pje1_0.image_path,
        pje1_0.last_name,
        pje1_0.phone,
        pje1_0.registration_date 
    from
        persons pje1_0 
    where
        pje1_0.id=?
2025-11-22 22:59:54 [main] INFO  c.b.i.i.r.s.r.JpaUserRepositoryAdapter - Saving User ID USER-c7ac6e15-a9e4-48aa-b790-a4dec7825a54 (Role: TEACHER, Email: teacher2@example.com).
Hibernate: 
    select
        uje1_0.id,
        uje1_0.active,
        uje1_0.created_at,
        uje1_0.email,
        uje1_0.password_hash,
        uje1_0.person_id,
        uje1_0.role,
        uje1_0.student_id 
    from
        users uje1_0 
    where
        uje1_0.id=?
2025-11-22 22:59:54 [main] INFO  c.b.i.i.r.s.r.JpaPersonRepositoryAdapter - Saving Person ID PERSON-0732c424-75ec-4a5c-8049-b1a2e786370d (Name: Student User).
Hibernate: 
    select
        pje1_0.id,
        pje1_0.address_colony,
        pje1_0.address_municipality,
        pje1_0.address_postal_code,
        pje1_0.address_state,
        pje1_0.address_street,
        pje1_0.first_name,
        pje1_0.gender,
        pje1_0.image_path,
        pje1_0.last_name,
        pje1_0.phone,
        pje1_0.registration_date 
    from
        persons pje1_0 
    where
        pje1_0.id=?
2025-11-22 22:59:54 [main] INFO  c.b.i.i.r.s.r.JpaUserRepositoryAdapter - Saving User ID USER-67dbc4cc-ae76-4e25-a91c-788a18bb648a (Role: STUDENT, Email: student@example.com).
Hibernate: 
    select
        uje1_0.id,
        uje1_0.active,
        uje1_0.created_at,
        uje1_0.email,
        uje1_0.password_hash,
        uje1_0.person_id,
        uje1_0.role,
        uje1_0.student_id 
    from
        users uje1_0 
    where
        uje1_0.id=?
Hibernate: 
    insert 
    into
        persons
        (address_colony, address_municipality, address_postal_code, address_state, address_street, first_name, gender, image_path, last_name, phone, registration_date, id) 
    values
        (?, ?, ?, ?, ?, ?, ?, ?, ?, ?, ?, ?)
Hibernate: 
    insert 
    into
        persons
        (address_colony, address_municipality, address_postal_code, address_state, address_street, first_name, gender, image_path, last_name, phone, registration_date, id) 
    values
        (?, ?, ?, ?, ?, ?, ?, ?, ?, ?, ?, ?)
Hibernate: 
    insert 
    into
        persons
        (address_colony, address_municipality, address_postal_code, address_state, address_street, first_name, gender, image_path, last_name, phone, registration_date, id) 
    values
        (?, ?, ?, ?, ?, ?, ?, ?, ?, ?, ?, ?)
Hibernate: 
    insert 
    into
        persons
        (address_colony, address_municipality, address_postal_code, address_state, address_street, first_name, gender, image_path, last_name, phone, registration_date, id) 
    values
        (?, ?, ?, ?, ?, ?, ?, ?, ?, ?, ?, ?)
Hibernate: 
    insert 
    into
        users
        (active, created_at, email, password_hash, person_id, role, student_id, id) 
    values
        (?, ?, ?, ?, ?, ?, ?, ?)
Hibernate: 
    insert 
    into
        users
        (active, created_at, email, password_hash, person_id, role, student_id, id) 
    values
        (?, ?, ?, ?, ?, ?, ?, ?)
Hibernate: 
    insert 
    into
        users
        (active, created_at, email, password_hash, person_id, role, student_id, id) 
    values
        (?, ?, ?, ?, ?, ?, ?, ?)
Hibernate: 
    select
        uje1_0.id,
        uje1_0.active,
        uje1_0.created_at,
        uje1_0.email,
        uje1_0.password_hash,
        uje1_0.person_id,
        uje1_0.role,
        uje1_0.student_id 
    from
        users uje1_0 
    where
        uje1_0.role=?
]]></system-out>
  </testcase>
  <testcase name="shouldSaveAdminUser" classname="User Repository Integration Tests" time="0.073">
    <system-out><![CDATA[Hibernate: 
    select
        uje1_0.id,
        uje1_0.active,
        uje1_0.created_at,
        uje1_0.email,
        uje1_0.password_hash,
        uje1_0.person_id,
        uje1_0.role,
        uje1_0.student_id 
    from
        users uje1_0
Hibernate: 
    select
        pje1_0.id,
        pje1_0.address_colony,
        pje1_0.address_municipality,
        pje1_0.address_postal_code,
        pje1_0.address_state,
        pje1_0.address_street,
        pje1_0.first_name,
        pje1_0.gender,
        pje1_0.image_path,
        pje1_0.last_name,
        pje1_0.phone,
        pje1_0.registration_date 
    from
        persons pje1_0
2025-11-22 22:59:54 [main] INFO  c.b.i.i.r.s.r.JpaPersonRepositoryAdapter - Saving Person ID PERSON-9779b9df-b936-4e63-8fb0-b9180607aa1b (Name: Juan Pérez).
Hibernate: 
    select
        pje1_0.id,
        pje1_0.address_colony,
        pje1_0.address_municipality,
        pje1_0.address_postal_code,
        pje1_0.address_state,
        pje1_0.address_street,
        pje1_0.first_name,
        pje1_0.gender,
        pje1_0.image_path,
        pje1_0.last_name,
        pje1_0.phone,
        pje1_0.registration_date 
    from
        persons pje1_0 
    where
        pje1_0.id=?
2025-11-22 22:59:54 [main] INFO  c.b.i.i.r.s.r.JpaUserRepositoryAdapter - Saving User ID USER-ced1a714-10d6-4c91-98d4-3db9704f76a8 (Role: ADMIN, Email: admin@example.com).
Hibernate: 
    select
        uje1_0.id,
        uje1_0.active,
        uje1_0.created_at,
        uje1_0.email,
        uje1_0.password_hash,
        uje1_0.person_id,
        uje1_0.role,
        uje1_0.student_id 
    from
        users uje1_0 
    where
        uje1_0.id=?
]]></system-out>
  </testcase>
  <testcase name="shouldAuthenticateWithCorrectPasswordAfterRetrieval" classname="User Repository Integration Tests" time="0.133">
    <system-out><![CDATA[Hibernate: 
    select
        uje1_0.id,
        uje1_0.active,
        uje1_0.created_at,
        uje1_0.email,
        uje1_0.password_hash,
        uje1_0.person_id,
        uje1_0.role,
        uje1_0.student_id 
    from
        users uje1_0
Hibernate: 
    select
        pje1_0.id,
        pje1_0.address_colony,
        pje1_0.address_municipality,
        pje1_0.address_postal_code,
        pje1_0.address_state,
        pje1_0.address_street,
        pje1_0.first_name,
        pje1_0.gender,
        pje1_0.image_path,
        pje1_0.last_name,
        pje1_0.phone,
        pje1_0.registration_date 
    from
        persons pje1_0
2025-11-22 22:59:54 [main] INFO  c.b.i.i.r.s.r.JpaPersonRepositoryAdapter - Saving Person ID PERSON-3a3fee26-35e3-40c8-b75c-a4f9f0eaa817 (Name: Juan Pérez).
Hibernate: 
    select
        pje1_0.id,
        pje1_0.address_colony,
        pje1_0.address_municipality,
        pje1_0.address_postal_code,
        pje1_0.address_state,
        pje1_0.address_street,
        pje1_0.first_name,
        pje1_0.gender,
        pje1_0.image_path,
        pje1_0.last_name,
        pje1_0.phone,
        pje1_0.registration_date 
    from
        persons pje1_0 
    where
        pje1_0.id=?
2025-11-22 22:59:54 [main] INFO  c.b.i.i.r.s.r.JpaUserRepositoryAdapter - Saving User ID USER-f7dd98b4-6f5d-406d-8130-5a05ee52fd82 (Role: TEACHER, Email: test@example.com).
Hibernate: 
    select
        uje1_0.id,
        uje1_0.active,
        uje1_0.created_at,
        uje1_0.email,
        uje1_0.password_hash,
        uje1_0.person_id,
        uje1_0.role,
        uje1_0.student_id 
    from
        users uje1_0 
    where
        uje1_0.id=?
]]></system-out>
  </testcase>
  <testcase name="shouldUpdatePassword" classname="User Repository Integration Tests" time="0.195">
    <system-out><![CDATA[Hibernate: 
    select
        uje1_0.id,
        uje1_0.active,
        uje1_0.created_at,
        uje1_0.email,
        uje1_0.password_hash,
        uje1_0.person_id,
        uje1_0.role,
        uje1_0.student_id 
    from
        users uje1_0
Hibernate: 
    select
        pje1_0.id,
        pje1_0.address_colony,
        pje1_0.address_municipality,
        pje1_0.address_postal_code,
        pje1_0.address_state,
        pje1_0.address_street,
        pje1_0.first_name,
        pje1_0.gender,
        pje1_0.image_path,
        pje1_0.last_name,
        pje1_0.phone,
        pje1_0.registration_date 
    from
        persons pje1_0
2025-11-22 22:59:54 [main] INFO  c.b.i.i.r.s.r.JpaPersonRepositoryAdapter - Saving Person ID PERSON-8fffbb1e-6855-4477-a954-203d333e54c7 (Name: Juan Pérez).
Hibernate: 
    select
        pje1_0.id,
        pje1_0.address_colony,
        pje1_0.address_municipality,
        pje1_0.address_postal_code,
        pje1_0.address_state,
        pje1_0.address_street,
        pje1_0.first_name,
        pje1_0.gender,
        pje1_0.image_path,
        pje1_0.last_name,
        pje1_0.phone,
        pje1_0.registration_date 
    from
        persons pje1_0 
    where
        pje1_0.id=?
2025-11-22 22:59:54 [main] INFO  c.b.i.i.r.s.r.JpaPersonRepositoryAdapter - Saving Person ID PERSON-89eb73b6-a012-42f2-94b1-31e7b327ccd9 (Name: Teacher User).
Hibernate: 
    select
        pje1_0.id,
        pje1_0.address_colony,
        pje1_0.address_municipality,
        pje1_0.address_postal_code,
        pje1_0.address_state,
        pje1_0.address_street,
        pje1_0.first_name,
        pje1_0.gender,
        pje1_0.image_path,
        pje1_0.last_name,
        pje1_0.phone,
        pje1_0.registration_date 
    from
        persons pje1_0 
    where
        pje1_0.id=?
2025-11-22 22:59:54 [main] INFO  c.b.i.i.r.s.r.JpaUserRepositoryAdapter - Saving User ID USER-31d97f38-aafa-490c-9b64-7340bd2382c5 (Role: TEACHER, Email: test@example.com).
Hibernate: 
    select
        uje1_0.id,
        uje1_0.active,
        uje1_0.created_at,
        uje1_0.email,
        uje1_0.password_hash,
        uje1_0.person_id,
        uje1_0.role,
        uje1_0.student_id 
    from
        users uje1_0 
    where
        uje1_0.id=?
2025-11-22 22:59:55 [main] INFO  c.b.i.i.r.s.r.JpaUserRepositoryAdapter - Saving User ID USER-31d97f38-aafa-490c-9b64-7340bd2382c5 (Role: TEACHER, Email: test@example.com).
]]></system-out>
  </testcase>
  <testcase name="shouldReturnFalseWhenEmailDoesNotExist" classname="User Repository Integration Tests" time="0.014">
    <system-out><![CDATA[Hibernate: 
    select
        uje1_0.id,
        uje1_0.active,
        uje1_0.created_at,
        uje1_0.email,
        uje1_0.password_hash,
        uje1_0.person_id,
        uje1_0.role,
        uje1_0.student_id 
    from
        users uje1_0
Hibernate: 
    select
        pje1_0.id,
        pje1_0.address_colony,
        pje1_0.address_municipality,
        pje1_0.address_postal_code,
        pje1_0.address_state,
        pje1_0.address_street,
        pje1_0.first_name,
        pje1_0.gender,
        pje1_0.image_path,
        pje1_0.last_name,
        pje1_0.phone,
        pje1_0.registration_date 
    from
        persons pje1_0
2025-11-22 22:59:55 [main] INFO  c.b.i.i.r.s.r.JpaPersonRepositoryAdapter - Saving Person ID PERSON-0c75fa8a-44c1-47bd-9aa6-84c171f99b9c (Name: Juan Pérez).
Hibernate: 
    select
        pje1_0.id,
        pje1_0.address_colony,
        pje1_0.address_municipality,
        pje1_0.address_postal_code,
        pje1_0.address_state,
        pje1_0.address_street,
        pje1_0.first_name,
        pje1_0.gender,
        pje1_0.image_path,
        pje1_0.last_name,
        pje1_0.phone,
        pje1_0.registration_date 
    from
        persons pje1_0 
    where
        pje1_0.id=?
Hibernate: 
    select
        uje1_0.id 
    from
        users uje1_0 
    where
        uje1_0.email=? 
    fetch
        first ? rows only
]]></system-out>
  </testcase>
  <testcase name="shouldSaveTeacherUser" classname="User Repository Integration Tests" time="0.075">
    <system-out><![CDATA[Hibernate: 
    select
        uje1_0.id,
        uje1_0.active,
        uje1_0.created_at,
        uje1_0.email,
        uje1_0.password_hash,
        uje1_0.person_id,
        uje1_0.role,
        uje1_0.student_id 
    from
        users uje1_0
Hibernate: 
    select
        pje1_0.id,
        pje1_0.address_colony,
        pje1_0.address_municipality,
        pje1_0.address_postal_code,
        pje1_0.address_state,
        pje1_0.address_street,
        pje1_0.first_name,
        pje1_0.gender,
        pje1_0.image_path,
        pje1_0.last_name,
        pje1_0.phone,
        pje1_0.registration_date 
    from
        persons pje1_0
2025-11-22 22:59:55 [main] INFO  c.b.i.i.r.s.r.JpaPersonRepositoryAdapter - Saving Person ID PERSON-61a54854-53a1-4c60-ad7b-7b1aad86ad2b (Name: Juan Pérez).
Hibernate: 
    select
        pje1_0.id,
        pje1_0.address_colony,
        pje1_0.address_municipality,
        pje1_0.address_postal_code,
        pje1_0.address_state,
        pje1_0.address_street,
        pje1_0.first_name,
        pje1_0.gender,
        pje1_0.image_path,
        pje1_0.last_name,
        pje1_0.phone,
        pje1_0.registration_date 
    from
        persons pje1_0 
    where
        pje1_0.id=?
2025-11-22 22:59:55 [main] INFO  c.b.i.i.r.s.r.JpaUserRepositoryAdapter - Saving User ID USER-0d20c3d6-e9f6-45e1-ad42-70a130766494 (Role: TEACHER, Email: teacher@example.com).
Hibernate: 
    select
        uje1_0.id,
        uje1_0.active,
        uje1_0.created_at,
        uje1_0.email,
        uje1_0.password_hash,
        uje1_0.person_id,
        uje1_0.role,
        uje1_0.student_id 
    from
        users uje1_0 
    where
        uje1_0.id=?
]]></system-out>
  </testcase>
  <testcase name="shouldPersistInactiveStatus" classname="User Repository Integration Tests" time="0.077">
    <system-out><![CDATA[Hibernate: 
    select
        uje1_0.id,
        uje1_0.active,
        uje1_0.created_at,
        uje1_0.email,
        uje1_0.password_hash,
        uje1_0.person_id,
        uje1_0.role,
        uje1_0.student_id 
    from
        users uje1_0
Hibernate: 
    select
        pje1_0.id,
        pje1_0.address_colony,
        pje1_0.address_municipality,
        pje1_0.address_postal_code,
        pje1_0.address_state,
        pje1_0.address_street,
        pje1_0.first_name,
        pje1_0.gender,
        pje1_0.image_path,
        pje1_0.last_name,
        pje1_0.phone,
        pje1_0.registration_date 
    from
        persons pje1_0
2025-11-22 22:59:55 [main] INFO  c.b.i.i.r.s.r.JpaPersonRepositoryAdapter - Saving Person ID PERSON-e073b2ff-48d8-444f-a642-ab37e08c6e6f (Name: Juan Pérez).
Hibernate: 
    select
        pje1_0.id,
        pje1_0.address_colony,
        pje1_0.address_municipality,
        pje1_0.address_postal_code,
        pje1_0.address_state,
        pje1_0.address_street,
        pje1_0.first_name,
        pje1_0.gender,
        pje1_0.image_path,
        pje1_0.last_name,
        pje1_0.phone,
        pje1_0.registration_date 
    from
        persons pje1_0 
    where
        pje1_0.id=?
2025-11-22 22:59:55 [main] INFO  c.b.i.i.r.s.r.JpaPersonRepositoryAdapter - Saving Person ID PERSON-0844ddc1-394f-4b0d-aada-e69848d2ac1b (Name: Teacher User).
Hibernate: 
    select
        pje1_0.id,
        pje1_0.address_colony,
        pje1_0.address_municipality,
        pje1_0.address_postal_code,
        pje1_0.address_state,
        pje1_0.address_street,
        pje1_0.first_name,
        pje1_0.gender,
        pje1_0.image_path,
        pje1_0.last_name,
        pje1_0.phone,
        pje1_0.registration_date 
    from
        persons pje1_0 
    where
        pje1_0.id=?
2025-11-22 22:59:55 [main] INFO  c.b.i.i.r.s.r.JpaUserRepositoryAdapter - Saving User ID USER-8c04a746-03a0-4ccc-a2ec-e651d091876c (Role: TEACHER, Email: test@example.com).
Hibernate: 
    select
        uje1_0.id,
        uje1_0.active,
        uje1_0.created_at,
        uje1_0.email,
        uje1_0.password_hash,
        uje1_0.person_id,
        uje1_0.role,
        uje1_0.student_id 
    from
        users uje1_0 
    where
        uje1_0.id=?
2025-11-22 22:59:55 [main] INFO  c.b.i.i.r.s.r.JpaUserRepositoryAdapter - Saving User ID USER-8c04a746-03a0-4ccc-a2ec-e651d091876c (Role: TEACHER, Email: test@example.com).
]]></system-out>
  </testcase>
  <testcase name="shouldReturnEmptyWhenEmailNotFound" classname="User Repository Integration Tests" time="0.019">
    <system-out><![CDATA[Hibernate: 
    select
        uje1_0.id,
        uje1_0.active,
        uje1_0.created_at,
        uje1_0.email,
        uje1_0.password_hash,
        uje1_0.person_id,
        uje1_0.role,
        uje1_0.student_id 
    from
        users uje1_0
Hibernate: 
    select
        pje1_0.id,
        pje1_0.address_colony,
        pje1_0.address_municipality,
        pje1_0.address_postal_code,
        pje1_0.address_state,
        pje1_0.address_street,
        pje1_0.first_name,
        pje1_0.gender,
        pje1_0.image_path,
        pje1_0.last_name,
        pje1_0.phone,
        pje1_0.registration_date 
    from
        persons pje1_0
2025-11-22 22:59:55 [main] INFO  c.b.i.i.r.s.r.JpaPersonRepositoryAdapter - Saving Person ID PERSON-520cad7b-4bd0-44aa-84d1-2c43c9a3b9ba (Name: Juan Pérez).
Hibernate: 
    select
        pje1_0.id,
        pje1_0.address_colony,
        pje1_0.address_municipality,
        pje1_0.address_postal_code,
        pje1_0.address_state,
        pje1_0.address_street,
        pje1_0.first_name,
        pje1_0.gender,
        pje1_0.image_path,
        pje1_0.last_name,
        pje1_0.phone,
        pje1_0.registration_date 
    from
        persons pje1_0 
    where
        pje1_0.id=?
Hibernate: 
    select
        uje1_0.id,
        uje1_0.active,
        uje1_0.created_at,
        uje1_0.email,
        uje1_0.password_hash,
        uje1_0.person_id,
        uje1_0.role,
        uje1_0.student_id 
    from
        users uje1_0 
    where
        uje1_0.email=?
]]></system-out>
  </testcase>
</testsuite>