<?xml version="1.0" encoding="UTF-8"?>
<testsuite xmlns:xsi="http://www.w3.org/2001/XMLSchema-instance" xsi:noNamespaceSchemaLocation="https://maven.apache.org/surefire/maven-surefire-plugin/xsd/surefire-test-report.xsd" version="3.0.2" name="com.braintrust.education.integration.repository.UnitRepositoryIntegrationTest" time="3.561" tests="5" errors="0" skipped="0" failures="0">
  <properties>
[...]
</properties>
  <testcase name="debugCourseIdBeforeSave" classname="CourseUnit Repository Integration Tests" time="0.016">
    <system-out><![CDATA[2025-11-22 22:59:37 [main] INFO  tc.postgres:15-alpine - Creating container for image: postgres:15-alpine
2025-11-22 22:59:37 [main] WARN  tc.postgres:15-alpine - Reuse was requested but the environment does not support the reuse of containers
To enable reuse of containers, you must set 'testcontainers.reuse.enable=true' in a file located at C:\Users\GAMER\.testcontainers.properties
2025-11-22 22:59:37 [main] INFO  tc.postgres:15-alpine - Container postgres:15-alpine is starting: 05b740598b10ae556ab1bff508facfe7deef577aaf002ab6a13f8f9fca667db4
2025-11-22 22:59:39 [main] INFO  tc.postgres:15-alpine - Container postgres:15-alpine started in PT1.9138576S
2025-11-22 22:59:39 [main] INFO  tc.postgres:15-alpine - Container is started (JDBC URL: jdbc:postgresql://localhost:58903/education_test?loggerLevel=OFF)

  .   ____          _            __ _ _
 /\\ / ___'_ __ _ _(_)_ __  __ _ \ \ \ \
( ( )\___ | '_ | '_| | '_ \/ _` | \ \ \ \
 \\/  ___)| |_)| | | | | || (_| |  ) ) ) )
  '  |____| .__|_| |_|_| |_\__, | / / / /
 =========|_|==============|___/=/_/_/_/

 :: Spring Boot ::                (v3.5.6)

2025-11-22 22:59:39 [main] INFO  c.b.e.i.r.UnitRepositoryIntegrationTest - Starting UnitRepositoryIntegrationTest using Java 25.0.1 with PID 12872 (started by GAMER in C:\Users\GAMER\Music\BrainTrust\backend\container-app)
2025-11-22 22:59:39 [main] INFO  c.b.e.i.r.UnitRepositoryIntegrationTest - The following 1 profile is active: "test"
2025-11-22 22:59:39 [main] INFO  o.s.d.r.c.RepositoryConfigurationDelegate - Bootstrapping Spring Data JPA repositories in DEFAULT mode.
2025-11-22 22:59:39 [main] INFO  o.s.d.r.c.RepositoryConfigurationDelegate - Finished Spring Data repository scanning in 21 ms. Found 14 JPA repository interfaces.
2025-11-22 22:59:39 [main] INFO  o.h.jpa.internal.util.LogHelper - HHH000204: Processing PersistenceUnitInfo [name: default]
2025-11-22 22:59:39 [main] INFO  o.h.c.i.RegionFactoryInitiator - HHH000026: Second-level cache disabled
2025-11-22 22:59:39 [main] INFO  o.s.o.j.p.SpringPersistenceUnitInfo - No LoadTimeWeaver setup: ignoring JPA class transformer
2025-11-22 22:59:39 [main] INFO  com.zaxxer.hikari.HikariDataSource - HikariPool-4 - Starting...
2025-11-22 22:59:39 [main] INFO  com.zaxxer.hikari.pool.HikariPool - HikariPool-4 - Added connection org.postgresql.jdbc.PgConnection@357d5c80
2025-11-22 22:59:39 [main] INFO  com.zaxxer.hikari.HikariDataSource - HikariPool-4 - Start completed.
2025-11-22 22:59:39 [main] WARN  org.hibernate.orm.deprecation - HHH90000025: PostgreSQLDialect does not need to be specified explicitly using 'hibernate.dialect' (remove the property setting and it will be selected by default)
2025-11-22 22:59:39 [main] INFO  o.hibernate.orm.connections.pooling - HHH10001005: Database info:
	Database JDBC URL [Connecting through datasource 'HikariDataSource (HikariPool-4)']
	Database driver: undefined/unknown
	Database version: 15.13
	Autocommit mode: undefined/unknown
	Isolation level: undefined/unknown
	Minimum pool size: undefined/unknown
	Maximum pool size: undefined/unknown
2025-11-22 22:59:39 [main] INFO  o.h.e.t.j.p.i.JtaPlatformInitiator - HHH000489: No JTA platform available (set 'hibernate.transaction.jta.platform' to enable JTA platform integration)
Hibernate: set client_min_messages = WARNING
Hibernate: alter table if exists course_units drop constraint if exists FKm3b85d0rboonwt1afr2lerfrd
Hibernate: alter table if exists documents drop constraint if exists FKa28w6yrj86v1s03t4iicdyek1
Hibernate: alter table if exists documents drop constraint if exists FK9sj9iueawf5wuhorj8hks7pyj
Hibernate: alter table if exists documents drop constraint if exists FKg6tfi9n0q2q4m2b1xnq6m2dv
Hibernate: alter table if exists enrollments drop constraint if exists FKho8mcicp4196ebpltdn9wl6co
Hibernate: alter table if exists group_members drop constraint if exists FK5oi8h89alq1pwu1y764xev5li
Hibernate: alter table if exists page_external_links drop constraint if exists FKi2p4x5dwr7egletewk64an2gc
Hibernate: alter table if exists quiz_questions drop constraint if exists FKanfmgf6ksbdnv7ojb0pfve54q
Hibernate: drop table if exists analysis_requests cascade
Hibernate: drop table if exists assignments cascade
Hibernate: drop table if exists course_units cascade
Hibernate: drop table if exists courses cascade
Hibernate: drop table if exists documents cascade
Hibernate: drop table if exists enrollments cascade
Hibernate: drop table if exists gradebooks cascade
Hibernate: drop table if exists group_members cascade
Hibernate: drop table if exists page_external_links cascade
Hibernate: drop table if exists pages cascade
Hibernate: drop table if exists persons cascade
Hibernate: drop table if exists quiz_questions cascade
Hibernate: drop table if exists quiz_submissions cascade
Hibernate: drop table if exists quizzes cascade
Hibernate: drop table if exists student_groups cascade
Hibernate: drop table if exists submissions cascade
Hibernate: drop table if exists unit_grades cascade
Hibernate: drop table if exists users cascade
Hibernate: create table analysis_requests (probability numeric(10,4), analyzed_at timestamp(6), created_at timestamp(6) not null, confidence_level varchar(20), status varchar(20) not null, id varchar(50) not null, model_used varchar(50), submission_id varchar(50) not null, content TEXT not null, detected_segments_json jsonb, error_message TEXT, primary key (id))
Hibernate: create table assignments (active boolean not null, max_points integer not null, created_at timestamp(6) not null, due_date timestamp(6), target_type varchar(20) not null, course_id varchar(50) not null, id varchar(50) not null, unit_id varchar(50), description TEXT, instructions TEXT, title varchar(255) not null, primary key (id))
Hibernate: create table course_units (num_unity integer not null, course_id varchar(50) not null, id varchar(50) not null, url_image varchar(500), description TEXT, name varchar(255) not null, primary key (id))
Hibernate: create table courses (active boolean not null, created_at timestamp(6) not null, code varchar(50) not null unique, grade varchar(50), group_name varchar(50), id varchar(50) not null, teacher_id varchar(50) not null, url_image varchar(500), description TEXT, name varchar(255) not null, primary key (id))
Hibernate: create table documents (assignment_id varchar(50), id varchar(50) not null, page_id varchar(50), submission_id varchar(50), name varchar(255) not null, storage_path varchar(255) not null, primary key (id))
Hibernate: create table enrollments (enrollment_date date not null, final_grade_max_score numeric(10,2), final_grade_value numeric(10,2), status varchar(20) not null, course_id varchar(50) not null, id varchar(50) not null, student_id varchar(50) not null, primary key (id), constraint idx_enrollment_course_student unique (course_id, student_id))
Hibernate: create table gradebooks (calculated_total_value numeric(10,2), final_grade_value numeric(10,2), last_calculated timestamp(6) not null, course_id varchar(50) not null, id varchar(50) not null, student_id varchar(50) not null, final_feedback TEXT, primary key (id), constraint idx_gradebook_course_student unique (course_id, student_id))
Hibernate: create table group_members (group_id varchar(50) not null, student_id varchar(50))
Hibernate: create table page_external_links (page_id varchar(50) not null, url varchar(500))
Hibernate: create table pages (published boolean not null, created_at timestamp(6) not null, last_modified timestamp(6) not null, course_id varchar(50) not null, id varchar(50) not null, unit_id varchar(50) not null, content TEXT, title varchar(255) not null, primary key (id))
Hibernate: create table persons (registration_date date not null, address_postal_code varchar(10), gender varchar(20), phone varchar(20), id varchar(50) not null, address_colony varchar(100), address_municipality varchar(100), address_state varchar(100), image_path varchar(500), address_street varchar(255), first_name varchar(255) not null, last_name varchar(255) not null, primary key (id))
Hibernate: create table quiz_questions (points integer not null, id varchar(50) not null, question_type varchar(50) not null, quiz_id varchar(50), correct_answer TEXT, options_json TEXT, question_text TEXT not null, primary key (id))
Hibernate: create table quiz_submissions (attempt_number integer not null, auto_graded boolean not null, grade_max_score numeric(10,2), grade_value numeric(10,2), started_at timestamp(6) not null, submitted_at timestamp(6), id varchar(50) not null, quiz_id varchar(50) not null, status varchar(50) not null, student_id varchar(50) not null, answers_json TEXT, primary key (id))
Hibernate: create table quizzes (active boolean not null, max_attempts integer not null, show_correct_answers boolean not null, shuffle_questions boolean not null, time_limit_minutes integer, available_from timestamp(6), available_until timestamp(6), created_at timestamp(6) not null, course_id varchar(50) not null, id varchar(50) not null, unit_id varchar(50), description TEXT, title varchar(255) not null, primary key (id))
Hibernate: create table student_groups (active boolean not null, created_at timestamp(6) not null, course_id varchar(50) not null, id varchar(50) not null, description TEXT, name varchar(255) not null, primary key (id))
Hibernate: create table submissions (grade_max_score numeric(10,2), grade_value numeric(10,2), submitted_at timestamp(6) not null, status varchar(20) not null, assignment_id varchar(50) not null, id varchar(50) not null, student_id varchar(50) not null, team_id varchar(50), content TEXT not null, teacher_feedback TEXT, primary key (id))
Hibernate: create table unit_grades (calculated_total_value numeric(10,2), final_grade_value numeric(10,2), last_calculated timestamp(6) not null, id varchar(50) not null, student_id varchar(50) not null, unit_id varchar(50) not null, assignment_grades_json TEXT, final_feedback TEXT, quiz_grades_json TEXT, primary key (id))
Hibernate: create table users (active boolean not null, created_at timestamp(6) not null, role varchar(20) not null check (role in ('STUDENT','TEACHER','ADMIN','SYS_MANAGER')), id varchar(50) not null, person_id varchar(50) not null, student_id varchar(50), email varchar(254) not null unique, password_hash varchar(255) not null, primary key (id))
Hibernate: create index idx_analysis_submission on analysis_requests (submission_id)
Hibernate: create index idx_analysis_status on analysis_requests (status)
Hibernate: create index idx_analysis_probability on analysis_requests (probability)
Hibernate: create index idx_assignment_course on assignments (course_id)
Hibernate: create index idx_assignment_unit on assignments (unit_id)
Hibernate: create index idx_assignment_due_date on assignments (due_date)
Hibernate: create index idx_assignment_target_type on assignments (target_type)
Hibernate: create index idx_unit_course on course_units (course_id)
Hibernate: create index idx_unit_number on course_units (num_unity)
Hibernate: create index idx_course_teacher on courses (teacher_id)
Hibernate: create index idx_document_assignment on documents (assignment_id)
Hibernate: create index idx_document_submission on documents (submission_id)
Hibernate: create index idx_document_page on documents (page_id)
Hibernate: create index idx_enrollment_course on enrollments (course_id)
Hibernate: create index idx_enrollment_student on enrollments (student_id)
Hibernate: create index idx_enrollment_status on enrollments (status)
Hibernate: create index idx_gradebook_course on gradebooks (course_id)
Hibernate: create index idx_gradebook_student on gradebooks (student_id)
Hibernate: create index idx_page_course on pages (course_id)
Hibernate: create index idx_page_unit on pages (unit_id)
Hibernate: create index idx_page_published on pages (published)
Hibernate: create index idx_qsubm_quiz on quiz_submissions (quiz_id)
Hibernate: create index idx_qsubm_student on quiz_submissions (student_id)
Hibernate: create index idx_qsubm_status on quiz_submissions (status)
Hibernate: create index idx_quiz_course on quizzes (course_id)
Hibernate: create index idx_quiz_active on quizzes (active)
Hibernate: create index idx_group_course on student_groups (course_id)
Hibernate: create index idx_group_active on student_groups (active)
Hibernate: create index idx_submission_assignment on submissions (assignment_id)
Hibernate: create index idx_submission_student on submissions (student_id)
Hibernate: create index idx_submission_status on submissions (status)
Hibernate: create index idx_submission_team on submissions (team_id)
Hibernate: create index idx_ugrade_unit on unit_grades (unit_id)
Hibernate: create index idx_ugrade_student on unit_grades (student_id)
Hibernate: create index idx_ugrade_unit_student on unit_grades (unit_id, student_id)
Hibernate: create index idx_user_email on users (email)
Hibernate: create index idx_user_person_id on users (person_id)
Hibernate: alter table if exists course_units add constraint FKm3b85d0rboonwt1afr2lerfrd foreign key (course_id) references courses
Hibernate: alter table if exists documents add constraint FKa28w6yrj86v1s03t4iicdyek1 foreign key (assignment_id) references assignments
Hibernate: alter table if exists documents add constraint FK9sj9iueawf5wuhorj8hks7pyj foreign key (page_id) references pages
Hibernate: alter table if exists documents add constraint FKg6tfi9n0q2q4m2b1xnq6m2dv foreign key (submission_id) references submissions
Hibernate: alter table if exists enrollments add constraint FKho8mcicp4196ebpltdn9wl6co foreign key (course_id) references courses
Hibernate: alter table if exists group_members add constraint FK5oi8h89alq1pwu1y764xev5li foreign key (group_id) references student_groups
Hibernate: alter table if exists page_external_links add constraint FKi2p4x5dwr7egletewk64an2gc foreign key (page_id) references pages
Hibernate: alter table if exists quiz_questions add constraint FKanfmgf6ksbdnv7ojb0pfve54q foreign key (quiz_id) references quizzes
2025-11-22 22:59:39 [main] INFO  o.s.o.j.LocalContainerEntityManagerFactoryBean - Initialized JPA EntityManagerFactory for persistence unit 'default'
2025-11-22 22:59:39 [main] INFO  c.b.e.i.r.s.r.CourseUnitRepositoryAdapter - Initialized CourseUnitRepositoryAdapter.
2025-11-22 22:59:40 [main] INFO  c.b.e.i.r.UnitRepositoryIntegrationTest - Started UnitRepositoryIntegrationTest in 0.98 seconds (process running for 24.876)
Hibernate: select cuje1_0.id,cuje1_0.course_id,cuje1_0.description,cuje1_0.name,cuje1_0.num_unity,cuje1_0.url_image from course_units cuje1_0
=== DOMAIN OBJECT ===
CourseUnit.id: UNIT-8b1e4736-fdb6-4b77-871e-522b8d4de297
CourseUnit.courseId: com.braintrust.education.domain.valueobjects.CourseId@e48d2dbb
CourseUnit.courseId.getValue(): COURSE-b0a45754-3df6-4f4d-911c-d257f05bab9b
=== JPA ENTITY ===
Entity.id: UNIT-8b1e4736-fdb6-4b77-871e-522b8d4de297
Entity.courseId: COURSE-b0a45754-3df6-4f4d-911c-d257f05bab9b
]]></system-out>
  </testcase>
  <testcase name="shouldUpdateExistingUnit" classname="CourseUnit Repository Integration Tests" time="0.019">
    <system-out><![CDATA[Hibernate: select cuje1_0.id,cuje1_0.course_id,cuje1_0.description,cuje1_0.name,cuje1_0.num_unity,cuje1_0.url_image from course_units cuje1_0
Hibernate: select cuje1_0.id,cuje1_0.course_id,cuje1_0.description,cuje1_0.name,cuje1_0.num_unity,cuje1_0.url_image from course_units cuje1_0 where cuje1_0.id=?
]]></system-out>
  </testcase>
  <testcase name="shouldSaveAndRetrieveUnitById" classname="CourseUnit Repository Integration Tests" time="0.018">
    <system-out><![CDATA[Hibernate: select cuje1_0.id,cuje1_0.course_id,cuje1_0.description,cuje1_0.name,cuje1_0.num_unity,cuje1_0.url_image from course_units cuje1_0
Hibernate: select cuje1_0.id,cuje1_0.course_id,cuje1_0.description,cuje1_0.name,cuje1_0.num_unity,cuje1_0.url_image from course_units cuje1_0 where cuje1_0.id=?
]]></system-out>
  </testcase>
  <testcase name="shouldDeleteUnit" classname="CourseUnit Repository Integration Tests" time="0.015">
    <system-out><![CDATA[Hibernate: select cuje1_0.id,cuje1_0.course_id,cuje1_0.description,cuje1_0.name,cuje1_0.num_unity,cuje1_0.url_image from course_units cuje1_0
Hibernate: select cuje1_0.id,cuje1_0.course_id,cuje1_0.description,cuje1_0.name,cuje1_0.num_unity,cuje1_0.url_image from course_units cuje1_0 where cuje1_0.id=?
2025-11-22 22:59:40 [main] WARN  c.b.e.i.r.s.r.CourseUnitRepositoryAdapter - Deleting CourseUnit ID: UNIT-ad99bfa9-08ca-4522-9754-3eb4e999c2dc
2025-11-22 22:59:40 [main] INFO  c.b.e.i.r.s.r.CourseUnitRepositoryAdapter - CourseUnit ID UNIT-ad99bfa9-08ca-4522-9754-3eb4e999c2dc deleted successfully.
]]></system-out>
  </testcase>
  <testcase name="shouldSaveUnitWithImageUrl" classname="CourseUnit Repository Integration Tests" time="0.017">
    <system-out><![CDATA[Hibernate: select cuje1_0.id,cuje1_0.course_id,cuje1_0.description,cuje1_0.name,cuje1_0.num_unity,cuje1_0.url_image from course_units cuje1_0
Hibernate: select cuje1_0.id,cuje1_0.course_id,cuje1_0.description,cuje1_0.name,cuje1_0.num_unity,cuje1_0.url_image from course_units cuje1_0 where cuje1_0.id=?
]]></system-out>
  </testcase>
</testsuite>